[Seed 1] | 
Before: 5.19857120513916 sec,
After: 2.0854952335357666 sec,
Accel: 59.88329963675201%,
Accuracy: 100.00%

[Seed 2] | 
Before: 2.627284526824951 sec,
After: 2.1151182651519775 sec,
Accel: 19.49413002069943%,
Accuracy: 100.00%

[Seed 3] | 
Before: 2.6910085678100586 sec,
After: 2.1589395999908447 sec,
Accel: 19.77210233307475%,
Accuracy: 100.00%

[Seed 4] | 
Before: 2.646580457687378 sec,
After: 2.09792423248291 sec,
Accel: 20.73075933175642%,
Accuracy: 100.00%

[Seed 5] | 
Before: 2.406161069869995 sec,
After: 1.8423895835876465 sec,
Accel: 23.4303303025682%,
Accuracy: 100.00%

[Seed 6] | 
Before: 2.243304491043091 sec,
After: 1.798279047012329 sec,
Accel: 19.837942009550112%,
Accuracy: 100.00%

[Seed 7] | 
Before: 2.6143927574157715 sec,
After: 2.095442056655884 sec,
Accel: 19.849760495544324%,
Accuracy: 100.00%

[Seed 8] | 
Before: 2.5548598766326904 sec,
After: 2.0637922286987305 sec,
Accel: 19.220922933009852%,
Accuracy: 100.00%

[Seed 9] | 
Before: 2.3883674144744873 sec,
After: 1.7989017963409424 sec,
Accel: 24.680692533365733%,
Accuracy: 100.00%

[Seed10] | 
Before: 2.4172682762145996 sec,
After: 1.890453815460205 sec,
Accel: 21.793793677687145%,
Accuracy: 100.00%

seed  1 | accel: 59.88329963675201%
seed  2 | accel: 19.49413002069943%
seed  3 | accel: 19.77210233307475%
seed  4 | accel: 20.73075933175642%
seed  5 | accel: 23.4303303025682%
seed  6 | accel: 19.837942009550112%
seed  7 | accel: 19.849760495544324%
seed  8 | accel: 19.220922933009852%
seed  9 | accel: 24.680692533365733%
seed 10 | accel: 21.793793677687145%
