Namespace(LOO_seed=0, anneal_size=10000000000.0, batch_size=1024, data_path='Dataset/', dataset='citeULike', early_stop=20, end_T=1e-10, es_epoch=0, gpu=1, lmbda_DE=0.01, lr=0.001, max_epoch=1000, num_expert=30, num_ns=1, percent=0.1, reg=0.001, teacher_path='Saved_models/')
Teacher Dim:: 200 Student Dim:: 20
Expert dims:: [20, 110, 200]
Num. embedding parameter:: 608040  Num. gate parameter:: 12060  Num. expert parameter:: 1470600
Total parameters:: 2090700
Epoch [0/1000], Train Loss: 868.5400, Elapsed: train 15.44 test 1.89 *
valid H@5: 0.1391, N@5: 0.0986, M@5: 0.0853
valid H@10: 0.1885, N@10: 0.1145, M@10: 0.0918
valid H@20: 0.2460, N@20: 0.1290, M@20: 0.0958

test H@5: 0.1399, N@5: 0.1013, M@5: 0.0885
test H@10: 0.1851, N@10: 0.1158, M@10: 0.0944
test H@20: 0.2470, N@20: 0.1313, M@20: 0.0987

Epoch [1/1000], Train Loss: 814.6296, Elapsed: train 14.96 test 2.02 *
valid H@5: 0.2470, N@5: 0.1793, M@5: 0.1570
valid H@10: 0.3232, N@10: 0.2038, M@10: 0.1670
valid H@20: 0.4108, N@20: 0.2260, M@20: 0.1732

test H@5: 0.2449, N@5: 0.1768, M@5: 0.1544
test H@10: 0.3209, N@10: 0.2014, M@10: 0.1645
test H@20: 0.4007, N@20: 0.2214, M@20: 0.1700

Epoch [2/1000], Train Loss: 735.8410, Elapsed: train 14.85 test 1.82 *
valid H@5: 0.2696, N@5: 0.1941, M@5: 0.1692
valid H@10: 0.3560, N@10: 0.2220, M@10: 0.1806
valid H@20: 0.4514, N@20: 0.2460, M@20: 0.1872

test H@5: 0.2667, N@5: 0.1919, M@5: 0.1674
test H@10: 0.3480, N@10: 0.2181, M@10: 0.1781
test H@20: 0.4403, N@20: 0.2414, M@20: 0.1844

Epoch [3/1000], Train Loss: 654.3576, Elapsed: train 14.87 test 1.99 *
valid H@5: 0.2771, N@5: 0.2015, M@5: 0.1766
valid H@10: 0.3600, N@10: 0.2282, M@10: 0.1875
valid H@20: 0.4679, N@20: 0.2554, M@20: 0.1949

test H@5: 0.2688, N@5: 0.1948, M@5: 0.1704
test H@10: 0.3537, N@10: 0.2222, M@10: 0.1817
test H@20: 0.4532, N@20: 0.2472, M@20: 0.1884

Epoch [4/1000], Train Loss: 579.5324, Elapsed: train 14.94 test 1.79 *
valid H@5: 0.2803, N@5: 0.2035, M@5: 0.1781
valid H@10: 0.3637, N@10: 0.2302, M@10: 0.1890
valid H@20: 0.4715, N@20: 0.2576, M@20: 0.1966

test H@5: 0.2734, N@5: 0.1987, M@5: 0.1741
test H@10: 0.3596, N@10: 0.2266, M@10: 0.1855
test H@20: 0.4558, N@20: 0.2508, M@20: 0.1921

Epoch [5/1000], Train Loss: 514.6304, Elapsed: train 14.77 test 1.99 *
valid H@5: 0.2857, N@5: 0.2062, M@5: 0.1800
valid H@10: 0.3729, N@10: 0.2341, M@10: 0.1914
valid H@20: 0.4788, N@20: 0.2610, M@20: 0.1988

test H@5: 0.2767, N@5: 0.2011, M@5: 0.1761
test H@10: 0.3642, N@10: 0.2293, M@10: 0.1877
test H@20: 0.4645, N@20: 0.2546, M@20: 0.1946

Epoch [6/1000], Train Loss: 461.8351, Elapsed: train 15.01 test 1.91 *
valid H@5: 0.2912, N@5: 0.2098, M@5: 0.1830
valid H@10: 0.3819, N@10: 0.2388, M@10: 0.1948
valid H@20: 0.4825, N@20: 0.2643, M@20: 0.2018

test H@5: 0.2807, N@5: 0.2039, M@5: 0.1786
test H@10: 0.3675, N@10: 0.2320, M@10: 0.1902
test H@20: 0.4691, N@20: 0.2577, M@20: 0.1972

Epoch [7/1000], Train Loss: 417.4211, Elapsed: train 14.93 test 1.86 *
valid H@5: 0.2935, N@5: 0.2125, M@5: 0.1857
valid H@10: 0.3838, N@10: 0.2415, M@10: 0.1976
valid H@20: 0.4896, N@20: 0.2682, M@20: 0.2050

test H@5: 0.2859, N@5: 0.2082, M@5: 0.1826
test H@10: 0.3736, N@10: 0.2364, M@10: 0.1941
test H@20: 0.4767, N@20: 0.2624, M@20: 0.2012

Epoch [8/1000], Train Loss: 380.9909, Elapsed: train 14.83 test 1.98 *
valid H@5: 0.2966, N@5: 0.2158, M@5: 0.1892
valid H@10: 0.3888, N@10: 0.2455, M@10: 0.2013
valid H@20: 0.4966, N@20: 0.2726, M@20: 0.2087

test H@5: 0.2937, N@5: 0.2137, M@5: 0.1874
test H@10: 0.3798, N@10: 0.2416, M@10: 0.1989
test H@20: 0.4846, N@20: 0.2681, M@20: 0.2061

Epoch [9/1000], Train Loss: 351.5660, Elapsed: train 14.79 test 1.81 *
valid H@5: 0.2991, N@5: 0.2179, M@5: 0.1912
valid H@10: 0.3959, N@10: 0.2492, M@10: 0.2040
valid H@20: 0.5020, N@20: 0.2759, M@20: 0.2113

test H@5: 0.2991, N@5: 0.2177, M@5: 0.1909
test H@10: 0.3863, N@10: 0.2459, M@10: 0.2025
test H@20: 0.4890, N@20: 0.2718, M@20: 0.2096

Epoch [10/1000], Train Loss: 324.0219, Elapsed: train 14.84 test 1.92 *
valid H@5: 0.3031, N@5: 0.2221, M@5: 0.1954
valid H@10: 0.4020, N@10: 0.2541, M@10: 0.2086
valid H@20: 0.5060, N@20: 0.2804, M@20: 0.2157

test H@5: 0.3033, N@5: 0.2214, M@5: 0.1944
test H@10: 0.3918, N@10: 0.2500, M@10: 0.2062
test H@20: 0.4953, N@20: 0.2761, M@20: 0.2133

Epoch [11/1000], Train Loss: 301.4453, Elapsed: train 14.82 test 1.80 *
valid H@5: 0.3100, N@5: 0.2257, M@5: 0.1978
valid H@10: 0.4049, N@10: 0.2563, M@10: 0.2105
valid H@20: 0.5127, N@20: 0.2836, M@20: 0.2179

test H@5: 0.3058, N@5: 0.2233, M@5: 0.1961
test H@10: 0.3974, N@10: 0.2529, M@10: 0.2083
test H@20: 0.5024, N@20: 0.2793, M@20: 0.2155

Epoch [12/1000], Train Loss: 282.5560, Elapsed: train 14.74 test 1.92 *
valid H@5: 0.3148, N@5: 0.2292, M@5: 0.2009
valid H@10: 0.4079, N@10: 0.2594, M@10: 0.2134
valid H@20: 0.5193, N@20: 0.2875, M@20: 0.2211

test H@5: 0.3110, N@5: 0.2271, M@5: 0.1995
test H@10: 0.4031, N@10: 0.2569, M@10: 0.2118
test H@20: 0.5070, N@20: 0.2830, M@20: 0.2189

Epoch [13/1000], Train Loss: 263.7126, Elapsed: train 14.86 test 1.87 *
valid H@5: 0.3163, N@5: 0.2318, M@5: 0.2038
valid H@10: 0.4152, N@10: 0.2638, M@10: 0.2171
valid H@20: 0.5263, N@20: 0.2917, M@20: 0.2246

test H@5: 0.3163, N@5: 0.2303, M@5: 0.2019
test H@10: 0.4070, N@10: 0.2595, M@10: 0.2140
test H@20: 0.5156, N@20: 0.2869, M@20: 0.2214

Epoch [14/1000], Train Loss: 249.1233, Elapsed: train 14.69 test 1.94 *
valid H@5: 0.3206, N@5: 0.2347, M@5: 0.2063
valid H@10: 0.4202, N@10: 0.2669, M@10: 0.2196
valid H@20: 0.5300, N@20: 0.2947, M@20: 0.2272

test H@5: 0.3200, N@5: 0.2324, M@5: 0.2035
test H@10: 0.4089, N@10: 0.2612, M@10: 0.2154
test H@20: 0.5225, N@20: 0.2898, M@20: 0.2232

Epoch [15/1000], Train Loss: 235.6906, Elapsed: train 14.72 test 1.85 *
valid H@5: 0.3255, N@5: 0.2368, M@5: 0.2075
valid H@10: 0.4259, N@10: 0.2692, M@10: 0.2208
valid H@20: 0.5400, N@20: 0.2979, M@20: 0.2286

test H@5: 0.3229, N@5: 0.2359, M@5: 0.2072
test H@10: 0.4158, N@10: 0.2659, M@10: 0.2196
test H@20: 0.5267, N@20: 0.2939, M@20: 0.2272

Epoch [16/1000], Train Loss: 223.7139, Elapsed: train 14.93 test 1.92 *
valid H@5: 0.3280, N@5: 0.2409, M@5: 0.2121
valid H@10: 0.4294, N@10: 0.2737, M@10: 0.2256
valid H@20: 0.5424, N@20: 0.3023, M@20: 0.2335

test H@5: 0.3246, N@5: 0.2377, M@5: 0.2090
test H@10: 0.4235, N@10: 0.2697, M@10: 0.2222
test H@20: 0.5296, N@20: 0.2965, M@20: 0.2295

Epoch [17/1000], Train Loss: 210.9671, Elapsed: train 14.89 test 2.24 *
valid H@5: 0.3322, N@5: 0.2443, M@5: 0.2152
valid H@10: 0.4344, N@10: 0.2772, M@10: 0.2287
valid H@20: 0.5463, N@20: 0.3056, M@20: 0.2365

test H@5: 0.3303, N@5: 0.2413, M@5: 0.2118
test H@10: 0.4286, N@10: 0.2729, M@10: 0.2248
test H@20: 0.5352, N@20: 0.2997, M@20: 0.2321

Epoch [18/1000], Train Loss: 200.8379, Elapsed: train 14.80 test 1.91 *
valid H@5: 0.3363, N@5: 0.2473, M@5: 0.2178
valid H@10: 0.4390, N@10: 0.2804, M@10: 0.2315
valid H@20: 0.5520, N@20: 0.3091, M@20: 0.2394

test H@5: 0.3378, N@5: 0.2468, M@5: 0.2168
test H@10: 0.4313, N@10: 0.2770, M@10: 0.2292
test H@20: 0.5405, N@20: 0.3046, M@20: 0.2368

Epoch [19/1000], Train Loss: 192.0096, Elapsed: train 14.95 test 1.83 *
valid H@5: 0.3413, N@5: 0.2508, M@5: 0.2209
valid H@10: 0.4441, N@10: 0.2839, M@10: 0.2345
valid H@20: 0.5612, N@20: 0.3134, M@20: 0.2426

test H@5: 0.3414, N@5: 0.2497, M@5: 0.2194
test H@10: 0.4359, N@10: 0.2802, M@10: 0.2319
test H@20: 0.5457, N@20: 0.3079, M@20: 0.2395

Epoch [20/1000], Train Loss: 183.4236, Elapsed: train 14.80 test 1.91 *
valid H@5: 0.3439, N@5: 0.2528, M@5: 0.2226
valid H@10: 0.4489, N@10: 0.2866, M@10: 0.2365
valid H@20: 0.5635, N@20: 0.3155, M@20: 0.2444

test H@5: 0.3436, N@5: 0.2524, M@5: 0.2223
test H@10: 0.4415, N@10: 0.2840, M@10: 0.2352
test H@20: 0.5528, N@20: 0.3120, M@20: 0.2428

Epoch [21/1000], Train Loss: 174.4130, Elapsed: train 14.85 test 1.86 *
valid H@5: 0.3489, N@5: 0.2568, M@5: 0.2264
valid H@10: 0.4528, N@10: 0.2902, M@10: 0.2401
valid H@20: 0.5668, N@20: 0.3190, M@20: 0.2480

test H@5: 0.3478, N@5: 0.2552, M@5: 0.2246
test H@10: 0.4459, N@10: 0.2867, M@10: 0.2375
test H@20: 0.5560, N@20: 0.3144, M@20: 0.2451

Epoch [22/1000], Train Loss: 166.6709, Elapsed: train 14.97 test 1.83 *
valid H@5: 0.3501, N@5: 0.2576, M@5: 0.2271
valid H@10: 0.4570, N@10: 0.2921, M@10: 0.2412
valid H@20: 0.5698, N@20: 0.3205, M@20: 0.2490

test H@5: 0.3514, N@5: 0.2572, M@5: 0.2261
test H@10: 0.4478, N@10: 0.2883, M@10: 0.2389
test H@20: 0.5599, N@20: 0.3166, M@20: 0.2466

Epoch [23/1000], Train Loss: 161.4043, Elapsed: train 14.89 test 1.90 *
valid H@5: 0.3516, N@5: 0.2593, M@5: 0.2288
valid H@10: 0.4620, N@10: 0.2948, M@10: 0.2433
valid H@20: 0.5788, N@20: 0.3241, M@20: 0.2513

test H@5: 0.3529, N@5: 0.2593, M@5: 0.2284
test H@10: 0.4522, N@10: 0.2912, M@10: 0.2414
test H@20: 0.5616, N@20: 0.3187, M@20: 0.2489

Epoch [24/1000], Train Loss: 155.6431, Elapsed: train 14.87 test 1.88 *
valid H@5: 0.3564, N@5: 0.2625, M@5: 0.2315
valid H@10: 0.4645, N@10: 0.2974, M@10: 0.2459
valid H@20: 0.5813, N@20: 0.3268, M@20: 0.2539

test H@5: 0.3512, N@5: 0.2594, M@5: 0.2289
test H@10: 0.4528, N@10: 0.2922, M@10: 0.2425
test H@20: 0.5645, N@20: 0.3205, M@20: 0.2503

Epoch [25/1000], Train Loss: 148.3859, Elapsed: train 14.97 test 1.87 *
valid H@5: 0.3581, N@5: 0.2636, M@5: 0.2324
valid H@10: 0.4662, N@10: 0.2986, M@10: 0.2469
valid H@20: 0.5833, N@20: 0.3282, M@20: 0.2550

test H@5: 0.3572, N@5: 0.2623, M@5: 0.2310
test H@10: 0.4593, N@10: 0.2953, M@10: 0.2445
test H@20: 0.5664, N@20: 0.3224, M@20: 0.2520

Epoch [26/1000], Train Loss: 144.7181, Elapsed: train 14.84 test 1.82 *
valid H@5: 0.3610, N@5: 0.2669, M@5: 0.2358
valid H@10: 0.4691, N@10: 0.3017, M@10: 0.2501
valid H@20: 0.5846, N@20: 0.3310, M@20: 0.2582

test H@5: 0.3593, N@5: 0.2641, M@5: 0.2326
test H@10: 0.4600, N@10: 0.2967, M@10: 0.2461
test H@20: 0.5712, N@20: 0.3249, M@20: 0.2539

Epoch [27/1000], Train Loss: 138.3271, Elapsed: train 14.71 test 1.82 *
valid H@5: 0.3635, N@5: 0.2678, M@5: 0.2363
valid H@10: 0.4696, N@10: 0.3022, M@10: 0.2505
valid H@20: 0.5896, N@20: 0.3326, M@20: 0.2589

test H@5: 0.3642, N@5: 0.2666, M@5: 0.2343
test H@10: 0.4631, N@10: 0.2986, M@10: 0.2475
test H@20: 0.5760, N@20: 0.3272, M@20: 0.2554

Epoch [28/1000], Train Loss: 133.7740, Elapsed: train 14.81 test 1.91 *
valid H@5: 0.3658, N@5: 0.2702, M@5: 0.2387
valid H@10: 0.4740, N@10: 0.3053, M@10: 0.2532
valid H@20: 0.5947, N@20: 0.3359, M@20: 0.2616

test H@5: 0.3671, N@5: 0.2684, M@5: 0.2358
test H@10: 0.4687, N@10: 0.3012, M@10: 0.2493
test H@20: 0.5773, N@20: 0.3287, M@20: 0.2569

Epoch [29/1000], Train Loss: 129.4143, Elapsed: train 14.01 test 1.99 *
valid H@5: 0.3694, N@5: 0.2707, M@5: 0.2381
valid H@10: 0.4800, N@10: 0.3065, M@10: 0.2529
valid H@20: 0.5967, N@20: 0.3359, M@20: 0.2609

test H@5: 0.3700, N@5: 0.2707, M@5: 0.2379
test H@10: 0.4719, N@10: 0.3036, M@10: 0.2515
test H@20: 0.5798, N@20: 0.3309, M@20: 0.2590

Epoch [30/1000], Train Loss: 126.1578, Elapsed: train 10.57 test 1.88 *
valid H@5: 0.3738, N@5: 0.2746, M@5: 0.2419
valid H@10: 0.4807, N@10: 0.3092, M@10: 0.2562
valid H@20: 0.6005, N@20: 0.3395, M@20: 0.2645

test H@5: 0.3698, N@5: 0.2714, M@5: 0.2389
test H@10: 0.4737, N@10: 0.3051, M@10: 0.2529
test H@20: 0.5833, N@20: 0.3330, M@20: 0.2606

Epoch [31/1000], Train Loss: 121.7166, Elapsed: train 10.67 test 2.01 *
valid H@5: 0.3736, N@5: 0.2755, M@5: 0.2431
valid H@10: 0.4867, N@10: 0.3120, M@10: 0.2581
valid H@20: 0.6039, N@20: 0.3416, M@20: 0.2662

test H@5: 0.3715, N@5: 0.2726, M@5: 0.2398
test H@10: 0.4796, N@10: 0.3076, M@10: 0.2543
test H@20: 0.5871, N@20: 0.3348, M@20: 0.2618

Epoch [32/1000], Train Loss: 118.9076, Elapsed: train 10.68 test 2.00 *
valid H@5: 0.3767, N@5: 0.2778, M@5: 0.2451
valid H@10: 0.4907, N@10: 0.3145, M@10: 0.2601
valid H@20: 0.6068, N@20: 0.3439, M@20: 0.2682

test H@5: 0.3759, N@5: 0.2756, M@5: 0.2425
test H@10: 0.4823, N@10: 0.3100, M@10: 0.2567
test H@20: 0.5903, N@20: 0.3374, M@20: 0.2642

Epoch [33/1000], Train Loss: 113.9981, Elapsed: train 10.70 test 1.90 *
valid H@5: 0.3769, N@5: 0.2785, M@5: 0.2460
valid H@10: 0.4930, N@10: 0.3161, M@10: 0.2615
valid H@20: 0.6107, N@20: 0.3459, M@20: 0.2697

test H@5: 0.3780, N@5: 0.2782, M@5: 0.2451
test H@10: 0.4834, N@10: 0.3123, M@10: 0.2593
test H@20: 0.5946, N@20: 0.3404, M@20: 0.2670

Epoch [34/1000], Train Loss: 112.3280, Elapsed: train 10.58 test 1.97 *
valid H@5: 0.3817, N@5: 0.2805, M@5: 0.2471
valid H@10: 0.4913, N@10: 0.3160, M@10: 0.2618
valid H@20: 0.6114, N@20: 0.3466, M@20: 0.2703

test H@5: 0.3794, N@5: 0.2799, M@5: 0.2470
test H@10: 0.4855, N@10: 0.3143, M@10: 0.2613
test H@20: 0.5969, N@20: 0.3425, M@20: 0.2690

Epoch [35/1000], Train Loss: 108.8910, Elapsed: train 10.81 test 1.84 *
valid H@5: 0.3834, N@5: 0.2820, M@5: 0.2485
valid H@10: 0.4976, N@10: 0.3190, M@10: 0.2637
valid H@20: 0.6131, N@20: 0.3483, M@20: 0.2718

test H@5: 0.3828, N@5: 0.2818, M@5: 0.2484
test H@10: 0.4884, N@10: 0.3160, M@10: 0.2626
test H@20: 0.5995, N@20: 0.3441, M@20: 0.2703

Epoch [36/1000], Train Loss: 106.1447, Elapsed: train 10.63 test 1.85 *
valid H@5: 0.3840, N@5: 0.2832, M@5: 0.2498
valid H@10: 0.5009, N@10: 0.3210, M@10: 0.2655
valid H@20: 0.6177, N@20: 0.3507, M@20: 0.2737

test H@5: 0.3863, N@5: 0.2837, M@5: 0.2498
test H@10: 0.4892, N@10: 0.3170, M@10: 0.2636
test H@20: 0.6026, N@20: 0.3458, M@20: 0.2715

Epoch [37/1000], Train Loss: 102.5166, Elapsed: train 10.57 test 1.81 *
valid H@5: 0.3882, N@5: 0.2852, M@5: 0.2512
valid H@10: 0.5020, N@10: 0.3221, M@10: 0.2664
valid H@20: 0.6202, N@20: 0.3520, M@20: 0.2746

test H@5: 0.3872, N@5: 0.2855, M@5: 0.2519
test H@10: 0.4922, N@10: 0.3194, M@10: 0.2658
test H@20: 0.6076, N@20: 0.3485, M@20: 0.2738

Epoch [38/1000], Train Loss: 101.9787, Elapsed: train 10.63 test 2.12 *
valid H@5: 0.3922, N@5: 0.2879, M@5: 0.2534
valid H@10: 0.5045, N@10: 0.3241, M@10: 0.2684
valid H@20: 0.6221, N@20: 0.3539, M@20: 0.2765

test H@5: 0.3901, N@5: 0.2878, M@5: 0.2540
test H@10: 0.4938, N@10: 0.3213, M@10: 0.2678
test H@20: 0.6105, N@20: 0.3507, M@20: 0.2758

Epoch [39/1000], Train Loss: 98.9361, Elapsed: train 10.58 test 1.88 *
valid H@5: 0.3951, N@5: 0.2893, M@5: 0.2545
valid H@10: 0.5097, N@10: 0.3264, M@10: 0.2698
valid H@20: 0.6233, N@20: 0.3550, M@20: 0.2775

test H@5: 0.3918, N@5: 0.2885, M@5: 0.2543
test H@10: 0.4976, N@10: 0.3225, M@10: 0.2683
test H@20: 0.6110, N@20: 0.3511, M@20: 0.2761

Epoch [40/1000], Train Loss: 95.3814, Elapsed: train 10.55 test 1.94 *
valid H@5: 0.3966, N@5: 0.2913, M@5: 0.2565
valid H@10: 0.5101, N@10: 0.3279, M@10: 0.2716
valid H@20: 0.6254, N@20: 0.3570, M@20: 0.2796

test H@5: 0.3907, N@5: 0.2881, M@5: 0.2542
test H@10: 0.4986, N@10: 0.3230, M@10: 0.2686
test H@20: 0.6131, N@20: 0.3520, M@20: 0.2765

Epoch [41/1000], Train Loss: 93.4384, Elapsed: train 10.64 test 1.85 *
valid H@5: 0.3978, N@5: 0.2928, M@5: 0.2582
valid H@10: 0.5091, N@10: 0.3291, M@10: 0.2733
valid H@20: 0.6254, N@20: 0.3585, M@20: 0.2814

test H@5: 0.3907, N@5: 0.2897, M@5: 0.2563
test H@10: 0.5045, N@10: 0.3265, M@10: 0.2715
test H@20: 0.6139, N@20: 0.3541, M@20: 0.2790

Epoch [42/1000], Train Loss: 91.7624, Elapsed: train 10.52 test 1.88 *
valid H@5: 0.3982, N@5: 0.2937, M@5: 0.2592
valid H@10: 0.5108, N@10: 0.3302, M@10: 0.2743
valid H@20: 0.6290, N@20: 0.3601, M@20: 0.2825

test H@5: 0.3959, N@5: 0.2922, M@5: 0.2579
test H@10: 0.5068, N@10: 0.3279, M@10: 0.2726
test H@20: 0.6160, N@20: 0.3554, M@20: 0.2801

Epoch [43/1000], Train Loss: 89.7183, Elapsed: train 10.46 test 1.96 *
valid H@5: 0.4007, N@5: 0.2945, M@5: 0.2594
valid H@10: 0.5131, N@10: 0.3309, M@10: 0.2745
valid H@20: 0.6338, N@20: 0.3613, M@20: 0.2828

test H@5: 0.3949, N@5: 0.2922, M@5: 0.2582
test H@10: 0.5091, N@10: 0.3291, M@10: 0.2734
test H@20: 0.6172, N@20: 0.3563, M@20: 0.2808

Epoch [44/1000], Train Loss: 87.3991, Elapsed: train 10.70 test 1.90 *
valid H@5: 0.4049, N@5: 0.2982, M@5: 0.2629
valid H@10: 0.5118, N@10: 0.3329, M@10: 0.2774
valid H@20: 0.6336, N@20: 0.3637, M@20: 0.2858

test H@5: 0.3953, N@5: 0.2923, M@5: 0.2583
test H@10: 0.5087, N@10: 0.3292, M@10: 0.2735
test H@20: 0.6179, N@20: 0.3567, M@20: 0.2811

Epoch [45/1000], Train Loss: 86.2348, Elapsed: train 10.60 test 1.94 *
valid H@5: 0.4049, N@5: 0.2989, M@5: 0.2639
valid H@10: 0.5160, N@10: 0.3350, M@10: 0.2789
valid H@20: 0.6338, N@20: 0.3647, M@20: 0.2870

test H@5: 0.3993, N@5: 0.2959, M@5: 0.2617
test H@10: 0.5129, N@10: 0.3326, M@10: 0.2768
test H@20: 0.6204, N@20: 0.3597, M@20: 0.2842

Epoch [46/1000], Train Loss: 84.2262, Elapsed: train 10.66 test 1.78 *
valid H@5: 0.4062, N@5: 0.2995, M@5: 0.2642
valid H@10: 0.5191, N@10: 0.3361, M@10: 0.2794
valid H@20: 0.6356, N@20: 0.3655, M@20: 0.2874

test H@5: 0.3999, N@5: 0.2958, M@5: 0.2613
test H@10: 0.5129, N@10: 0.3323, M@10: 0.2763
test H@20: 0.6223, N@20: 0.3599, M@20: 0.2839

Epoch [47/1000], Train Loss: 83.3087, Elapsed: train 10.78 test 1.85 *
valid H@5: 0.4083, N@5: 0.3013, M@5: 0.2659
valid H@10: 0.5177, N@10: 0.3369, M@10: 0.2807
valid H@20: 0.6369, N@20: 0.3671, M@20: 0.2890

test H@5: 0.4014, N@5: 0.2964, M@5: 0.2617
test H@10: 0.5143, N@10: 0.3330, M@10: 0.2768
test H@20: 0.6239, N@20: 0.3606, M@20: 0.2843

Epoch [48/1000], Train Loss: 82.1185, Elapsed: train 10.49 test 2.07 *
valid H@5: 0.4125, N@5: 0.3028, M@5: 0.2666
valid H@10: 0.5204, N@10: 0.3377, M@10: 0.2811
valid H@20: 0.6379, N@20: 0.3675, M@20: 0.2893

test H@5: 0.4041, N@5: 0.2980, M@5: 0.2630
test H@10: 0.5147, N@10: 0.3339, M@10: 0.2778
test H@20: 0.6237, N@20: 0.3615, M@20: 0.2854

Epoch [49/1000], Train Loss: 80.3831, Elapsed: train 10.96 test 1.96 *
valid H@5: 0.4118, N@5: 0.3031, M@5: 0.2673
valid H@10: 0.5206, N@10: 0.3385, M@10: 0.2820
valid H@20: 0.6373, N@20: 0.3681, M@20: 0.2902

test H@5: 0.4083, N@5: 0.2993, M@5: 0.2633
test H@10: 0.5177, N@10: 0.3347, M@10: 0.2779
test H@20: 0.6237, N@20: 0.3615, M@20: 0.2852

Epoch [50/1000], Train Loss: 79.0996, Elapsed: train 10.85 test 1.96 *
valid H@5: 0.4133, N@5: 0.3042, M@5: 0.2683
valid H@10: 0.5239, N@10: 0.3399, M@10: 0.2830
valid H@20: 0.6396, N@20: 0.3693, M@20: 0.2911

test H@5: 0.4075, N@5: 0.3001, M@5: 0.2646
test H@10: 0.5214, N@10: 0.3369, M@10: 0.2798
test H@20: 0.6279, N@20: 0.3638, M@20: 0.2871

Epoch [51/1000], Train Loss: 76.9830, Elapsed: train 10.76 test 2.04 *
valid H@5: 0.4146, N@5: 0.3059, M@5: 0.2700
valid H@10: 0.5252, N@10: 0.3416, M@10: 0.2847
valid H@20: 0.6407, N@20: 0.3709, M@20: 0.2928

test H@5: 0.4102, N@5: 0.3013, M@5: 0.2654
test H@10: 0.5194, N@10: 0.3367, M@10: 0.2800
test H@20: 0.6296, N@20: 0.3645, M@20: 0.2876

Epoch [52/1000], Train Loss: 76.5935, Elapsed: train 10.67 test 1.94 *
valid H@5: 0.4150, N@5: 0.3063, M@5: 0.2705
valid H@10: 0.5281, N@10: 0.3428, M@10: 0.2855
valid H@20: 0.6400, N@20: 0.3711, M@20: 0.2933

test H@5: 0.4127, N@5: 0.3027, M@5: 0.2663
test H@10: 0.5225, N@10: 0.3380, M@10: 0.2807
test H@20: 0.6315, N@20: 0.3654, M@20: 0.2882

Epoch [53/1000], Train Loss: 76.1679, Elapsed: train 10.70 test 1.89 *
valid H@5: 0.4177, N@5: 0.3078, M@5: 0.2716
valid H@10: 0.5256, N@10: 0.3426, M@10: 0.2859
valid H@20: 0.6407, N@20: 0.3718, M@20: 0.2940

test H@5: 0.4121, N@5: 0.3038, M@5: 0.2680
test H@10: 0.5240, N@10: 0.3400, M@10: 0.2829
test H@20: 0.6329, N@20: 0.3674, M@20: 0.2903

Epoch [54/1000], Train Loss: 73.5642, Elapsed: train 10.38 test 2.00 *
valid H@5: 0.4183, N@5: 0.3089, M@5: 0.2728
valid H@10: 0.5256, N@10: 0.3436, M@10: 0.2871
valid H@20: 0.6432, N@20: 0.3734, M@20: 0.2953

test H@5: 0.4108, N@5: 0.3037, M@5: 0.2682
test H@10: 0.5240, N@10: 0.3404, M@10: 0.2834
test H@20: 0.6336, N@20: 0.3680, M@20: 0.2909

Epoch [55/1000], Train Loss: 73.2431, Elapsed: train 10.71 test 1.95 *
valid H@5: 0.4169, N@5: 0.3086, M@5: 0.2728
valid H@10: 0.5271, N@10: 0.3443, M@10: 0.2876
valid H@20: 0.6440, N@20: 0.3739, M@20: 0.2958

test H@5: 0.4127, N@5: 0.3048, M@5: 0.2691
test H@10: 0.5286, N@10: 0.3424, M@10: 0.2846
test H@20: 0.6340, N@20: 0.3688, M@20: 0.2918

Epoch [56/1000], Train Loss: 71.7400, Elapsed: train 10.66 test 1.90 *
valid H@5: 0.4187, N@5: 0.3103, M@5: 0.2745
valid H@10: 0.5296, N@10: 0.3462, M@10: 0.2893
valid H@20: 0.6450, N@20: 0.3753, M@20: 0.2973

test H@5: 0.4160, N@5: 0.3070, M@5: 0.2709
test H@10: 0.5271, N@10: 0.3430, M@10: 0.2859
test H@20: 0.6371, N@20: 0.3707, M@20: 0.2934

Epoch [57/1000], Train Loss: 70.8799, Elapsed: train 10.71 test 1.89 *
valid H@5: 0.4208, N@5: 0.3116, M@5: 0.2755
valid H@10: 0.5302, N@10: 0.3469, M@10: 0.2901
valid H@20: 0.6440, N@20: 0.3758, M@20: 0.2980

test H@5: 0.4171, N@5: 0.3074, M@5: 0.2712
test H@10: 0.5269, N@10: 0.3430, M@10: 0.2859
test H@20: 0.6379, N@20: 0.3711, M@20: 0.2936

Epoch [58/1000], Train Loss: 70.4510, Elapsed: train 10.49 test 1.94 *
valid H@5: 0.4189, N@5: 0.3115, M@5: 0.2760
valid H@10: 0.5317, N@10: 0.3480, M@10: 0.2911
valid H@20: 0.6476, N@20: 0.3773, M@20: 0.2991

test H@5: 0.4160, N@5: 0.3072, M@5: 0.2712
test H@10: 0.5265, N@10: 0.3432, M@10: 0.2862
test H@20: 0.6377, N@20: 0.3713, M@20: 0.2939

Epoch [59/1000], Train Loss: 68.7090, Elapsed: train 10.67 test 1.89 *
valid H@5: 0.4208, N@5: 0.3121, M@5: 0.2762
valid H@10: 0.5338, N@10: 0.3486, M@10: 0.2913
valid H@20: 0.6473, N@20: 0.3772, M@20: 0.2991

test H@5: 0.4189, N@5: 0.3088, M@5: 0.2725
test H@10: 0.5288, N@10: 0.3445, M@10: 0.2873
test H@20: 0.6392, N@20: 0.3723, M@20: 0.2949

Epoch [60/1000], Train Loss: 67.7141, Elapsed: train 10.58 test 1.97 *
valid H@5: 0.4238, N@5: 0.3142, M@5: 0.2780
valid H@10: 0.5338, N@10: 0.3497, M@10: 0.2926
valid H@20: 0.6492, N@20: 0.3789, M@20: 0.3006

test H@5: 0.4223, N@5: 0.3104, M@5: 0.2734
test H@10: 0.5275, N@10: 0.3445, M@10: 0.2875
test H@20: 0.6413, N@20: 0.3732, M@20: 0.2954

Epoch [61/1000], Train Loss: 66.5619, Elapsed: train 10.57 test 1.80 *
valid H@5: 0.4233, N@5: 0.3142, M@5: 0.2782
valid H@10: 0.5350, N@10: 0.3503, M@10: 0.2930
valid H@20: 0.6474, N@20: 0.3788, M@20: 0.3009

test H@5: 0.4248, N@5: 0.3122, M@5: 0.2750
test H@10: 0.5288, N@10: 0.3458, M@10: 0.2889
test H@20: 0.6423, N@20: 0.3745, M@20: 0.2967

Epoch [62/1000], Train Loss: 66.4091, Elapsed: train 10.64 test 1.93 *
valid H@5: 0.4229, N@5: 0.3147, M@5: 0.2790
valid H@10: 0.5367, N@10: 0.3515, M@10: 0.2941
valid H@20: 0.6484, N@20: 0.3799, M@20: 0.3020

test H@5: 0.4258, N@5: 0.3132, M@5: 0.2760
test H@10: 0.5298, N@10: 0.3468, M@10: 0.2899
test H@20: 0.6423, N@20: 0.3752, M@20: 0.2976

Epoch [63/1000], Train Loss: 66.7888, Elapsed: train 10.65 test 1.84 *
valid H@5: 0.4261, N@5: 0.3171, M@5: 0.2811
valid H@10: 0.5373, N@10: 0.3532, M@10: 0.2960
valid H@20: 0.6509, N@20: 0.3821, M@20: 0.3040

test H@5: 0.4252, N@5: 0.3131, M@5: 0.2761
test H@10: 0.5317, N@10: 0.3477, M@10: 0.2905
test H@20: 0.6413, N@20: 0.3754, M@20: 0.2981

Epoch [64/1000], Train Loss: 63.5942, Elapsed: train 10.65 test 1.87 *
valid H@5: 0.4286, N@5: 0.3183, M@5: 0.2818
valid H@10: 0.5390, N@10: 0.3539, M@10: 0.2965
valid H@20: 0.6520, N@20: 0.3826, M@20: 0.3044

test H@5: 0.4275, N@5: 0.3149, M@5: 0.2778
test H@10: 0.5309, N@10: 0.3485, M@10: 0.2917
test H@20: 0.6432, N@20: 0.3769, M@20: 0.2995

Epoch [65/1000], Train Loss: 63.7598, Elapsed: train 10.72 test 1.86 *
valid H@5: 0.4292, N@5: 0.3196, M@5: 0.2835
valid H@10: 0.5392, N@10: 0.3552, M@10: 0.2982
valid H@20: 0.6524, N@20: 0.3841, M@20: 0.3062

test H@5: 0.4263, N@5: 0.3156, M@5: 0.2791
test H@10: 0.5371, N@10: 0.3514, M@10: 0.2938
test H@20: 0.6446, N@20: 0.3785, M@20: 0.3012

Epoch [66/1000], Train Loss: 62.9014, Elapsed: train 10.94 test 1.82 *
valid H@5: 0.4302, N@5: 0.3189, M@5: 0.2822
valid H@10: 0.5428, N@10: 0.3553, M@10: 0.2971
valid H@20: 0.6551, N@20: 0.3838, M@20: 0.3050

test H@5: 0.4275, N@5: 0.3159, M@5: 0.2790
test H@10: 0.5350, N@10: 0.3508, M@10: 0.2935
test H@20: 0.6427, N@20: 0.3781, M@20: 0.3010

Epoch [67/1000], Train Loss: 62.1541, Elapsed: train 10.71 test 1.89 *
valid H@5: 0.4319, N@5: 0.3193, M@5: 0.2821
valid H@10: 0.5432, N@10: 0.3552, M@10: 0.2969
valid H@20: 0.6538, N@20: 0.3833, M@20: 0.3047

test H@5: 0.4288, N@5: 0.3161, M@5: 0.2789
test H@10: 0.5377, N@10: 0.3512, M@10: 0.2933
test H@20: 0.6438, N@20: 0.3780, M@20: 0.3007

Epoch [68/1000], Train Loss: 62.1092, Elapsed: train 10.52 test 1.95 *
valid H@5: 0.4288, N@5: 0.3190, M@5: 0.2827
valid H@10: 0.5444, N@10: 0.3564, M@10: 0.2982
valid H@20: 0.6568, N@20: 0.3850, M@20: 0.3061

test H@5: 0.4277, N@5: 0.3176, M@5: 0.2813
test H@10: 0.5378, N@10: 0.3532, M@10: 0.2959
test H@20: 0.6463, N@20: 0.3806, M@20: 0.3035

Epoch [69/1000], Train Loss: 60.3932, Elapsed: train 10.62 test 1.85 *
valid H@5: 0.4307, N@5: 0.3200, M@5: 0.2834
valid H@10: 0.5436, N@10: 0.3566, M@10: 0.2986
valid H@20: 0.6576, N@20: 0.3856, M@20: 0.3066

test H@5: 0.4273, N@5: 0.3180, M@5: 0.2820
test H@10: 0.5378, N@10: 0.3538, M@10: 0.2967
test H@20: 0.6471, N@20: 0.3814, M@20: 0.3043

Epoch [70/1000], Train Loss: 60.1091, Elapsed: train 10.68 test 1.88 *
valid H@5: 0.4328, N@5: 0.3214, M@5: 0.2847
valid H@10: 0.5442, N@10: 0.3576, M@10: 0.2997
valid H@20: 0.6595, N@20: 0.3869, M@20: 0.3078

test H@5: 0.4304, N@5: 0.3184, M@5: 0.2814
test H@10: 0.5357, N@10: 0.3526, M@10: 0.2956
test H@20: 0.6484, N@20: 0.3811, M@20: 0.3035

Epoch [71/1000], Train Loss: 59.4170, Elapsed: train 10.62 test 1.97 *
valid H@5: 0.4336, N@5: 0.3221, M@5: 0.2852
valid H@10: 0.5444, N@10: 0.3580, M@10: 0.3001
valid H@20: 0.6593, N@20: 0.3872, M@20: 0.3082

test H@5: 0.4292, N@5: 0.3192, M@5: 0.2829
test H@10: 0.5388, N@10: 0.3547, M@10: 0.2975
test H@20: 0.6488, N@20: 0.3825, M@20: 0.3051

Epoch [72/1000], Train Loss: 58.8334, Elapsed: train 10.57 test 1.83 *
valid H@5: 0.4346, N@5: 0.3228, M@5: 0.2859
valid H@10: 0.5457, N@10: 0.3588, M@10: 0.3008
valid H@20: 0.6614, N@20: 0.3882, M@20: 0.3089

test H@5: 0.4319, N@5: 0.3206, M@5: 0.2838
test H@10: 0.5405, N@10: 0.3556, M@10: 0.2982
test H@20: 0.6505, N@20: 0.3834, M@20: 0.3058

Epoch [73/1000], Train Loss: 59.1591, Elapsed: train 10.56 test 1.94
valid H@5: 0.4336, N@5: 0.3230, M@5: 0.2864
valid H@10: 0.5455, N@10: 0.3594, M@10: 0.3015
valid H@20: 0.6599, N@20: 0.3885, M@20: 0.3096

test H@5: 0.4317, N@5: 0.3208, M@5: 0.2841
test H@10: 0.5428, N@10: 0.3568, M@10: 0.2990
test H@20: 0.6517, N@20: 0.3842, M@20: 0.3065

Epoch [74/1000], Train Loss: 58.1882, Elapsed: train 10.59 test 1.98 *
valid H@5: 0.4338, N@5: 0.3243, M@5: 0.2880
valid H@10: 0.5493, N@10: 0.3617, M@10: 0.3035
valid H@20: 0.6587, N@20: 0.3894, M@20: 0.3112

test H@5: 0.4349, N@5: 0.3240, M@5: 0.2874
test H@10: 0.5422, N@10: 0.3586, M@10: 0.3015
test H@20: 0.6503, N@20: 0.3859, M@20: 0.3090

Epoch [75/1000], Train Loss: 58.0290, Elapsed: train 10.77 test 1.91 *
valid H@5: 0.4357, N@5: 0.3244, M@5: 0.2876
valid H@10: 0.5486, N@10: 0.3608, M@10: 0.3026
valid H@20: 0.6601, N@20: 0.3892, M@20: 0.3104

test H@5: 0.4346, N@5: 0.3242, M@5: 0.2877
test H@10: 0.5421, N@10: 0.3590, M@10: 0.3021
test H@20: 0.6515, N@20: 0.3866, M@20: 0.3097

Epoch [76/1000], Train Loss: 57.6559, Elapsed: train 10.65 test 1.82 *
valid H@5: 0.4361, N@5: 0.3255, M@5: 0.2890
valid H@10: 0.5499, N@10: 0.3623, M@10: 0.3041
valid H@20: 0.6599, N@20: 0.3903, M@20: 0.3119

test H@5: 0.4348, N@5: 0.3240, M@5: 0.2873
test H@10: 0.5455, N@10: 0.3597, M@10: 0.3020
test H@20: 0.6507, N@20: 0.3863, M@20: 0.3093

Epoch [77/1000], Train Loss: 55.8721, Elapsed: train 10.56 test 1.79 *
valid H@5: 0.4369, N@5: 0.3261, M@5: 0.2894
valid H@10: 0.5524, N@10: 0.3633, M@10: 0.3047
valid H@20: 0.6605, N@20: 0.3907, M@20: 0.3123

test H@5: 0.4328, N@5: 0.3233, M@5: 0.2871
test H@10: 0.5445, N@10: 0.3596, M@10: 0.3022
test H@20: 0.6507, N@20: 0.3865, M@20: 0.3096

Epoch [78/1000], Train Loss: 56.4583, Elapsed: train 10.50 test 1.99 *
valid H@5: 0.4376, N@5: 0.3269, M@5: 0.2902
valid H@10: 0.5499, N@10: 0.3633, M@10: 0.3053
valid H@20: 0.6609, N@20: 0.3916, M@20: 0.3132

test H@5: 0.4346, N@5: 0.3233, M@5: 0.2865
test H@10: 0.5482, N@10: 0.3601, M@10: 0.3017
test H@20: 0.6518, N@20: 0.3863, M@20: 0.3088

Epoch [79/1000], Train Loss: 56.4878, Elapsed: train 10.53 test 1.89 *
valid H@5: 0.4386, N@5: 0.3282, M@5: 0.2917
valid H@10: 0.5518, N@10: 0.3649, M@10: 0.3068
valid H@20: 0.6628, N@20: 0.3931, M@20: 0.3146

test H@5: 0.4374, N@5: 0.3248, M@5: 0.2876
test H@10: 0.5497, N@10: 0.3610, M@10: 0.3024
test H@20: 0.6515, N@20: 0.3867, M@20: 0.3095

Epoch [80/1000], Train Loss: 55.4349, Elapsed: train 10.86 test 1.99 *
valid H@5: 0.4380, N@5: 0.3280, M@5: 0.2916
valid H@10: 0.5545, N@10: 0.3657, M@10: 0.3071
valid H@20: 0.6633, N@20: 0.3934, M@20: 0.3148

test H@5: 0.4388, N@5: 0.3267, M@5: 0.2897
test H@10: 0.5478, N@10: 0.3619, M@10: 0.3042
test H@20: 0.6538, N@20: 0.3888, M@20: 0.3116

Epoch [81/1000], Train Loss: 55.5394, Elapsed: train 10.93 test 1.93 *
valid H@5: 0.4407, N@5: 0.3299, M@5: 0.2932
valid H@10: 0.5536, N@10: 0.3663, M@10: 0.3082
valid H@20: 0.6626, N@20: 0.3941, M@20: 0.3160

test H@5: 0.4376, N@5: 0.3262, M@5: 0.2894
test H@10: 0.5493, N@10: 0.3623, M@10: 0.3042
test H@20: 0.6517, N@20: 0.3883, M@20: 0.3114

Epoch [82/1000], Train Loss: 54.2484, Elapsed: train 10.57 test 2.00 *
valid H@5: 0.4401, N@5: 0.3297, M@5: 0.2931
valid H@10: 0.5545, N@10: 0.3667, M@10: 0.3084
valid H@20: 0.6649, N@20: 0.3948, M@20: 0.3162

test H@5: 0.4426, N@5: 0.3280, M@5: 0.2902
test H@10: 0.5503, N@10: 0.3629, M@10: 0.3046
test H@20: 0.6520, N@20: 0.3886, M@20: 0.3117

Epoch [83/1000], Train Loss: 54.1430, Elapsed: train 10.68 test 1.84 *
valid H@5: 0.4405, N@5: 0.3299, M@5: 0.2932
valid H@10: 0.5574, N@10: 0.3677, M@10: 0.3088
valid H@20: 0.6653, N@20: 0.3951, M@20: 0.3164

test H@5: 0.4411, N@5: 0.3278, M@5: 0.2904
test H@10: 0.5522, N@10: 0.3638, M@10: 0.3053
test H@20: 0.6520, N@20: 0.3890, M@20: 0.3122

Epoch [84/1000], Train Loss: 54.0325, Elapsed: train 10.63 test 1.92 *
valid H@5: 0.4424, N@5: 0.3322, M@5: 0.2957
valid H@10: 0.5566, N@10: 0.3690, M@10: 0.3109
valid H@20: 0.6655, N@20: 0.3967, M@20: 0.3185

test H@5: 0.4436, N@5: 0.3282, M@5: 0.2901
test H@10: 0.5507, N@10: 0.3629, M@10: 0.3045
test H@20: 0.6507, N@20: 0.3883, M@20: 0.3115

Epoch [85/1000], Train Loss: 54.0232, Elapsed: train 10.59 test 1.92 *
valid H@5: 0.4434, N@5: 0.3321, M@5: 0.2954
valid H@10: 0.5599, N@10: 0.3698, M@10: 0.3109
valid H@20: 0.6662, N@20: 0.3967, M@20: 0.3183

test H@5: 0.4420, N@5: 0.3279, M@5: 0.2902
test H@10: 0.5520, N@10: 0.3637, M@10: 0.3051
test H@20: 0.6528, N@20: 0.3892, M@20: 0.3121

Epoch [86/1000], Train Loss: 52.5435, Elapsed: train 10.53 test 1.96 *
valid H@5: 0.4463, N@5: 0.3334, M@5: 0.2961
valid H@10: 0.5560, N@10: 0.3689, M@10: 0.3107
valid H@20: 0.6666, N@20: 0.3970, M@20: 0.3185

test H@5: 0.4428, N@5: 0.3289, M@5: 0.2912
test H@10: 0.5495, N@10: 0.3636, M@10: 0.3057
test H@20: 0.6530, N@20: 0.3899, M@20: 0.3130

Epoch [87/1000], Train Loss: 52.8977, Elapsed: train 10.61 test 1.85 *
valid H@5: 0.4480, N@5: 0.3334, M@5: 0.2955
valid H@10: 0.5557, N@10: 0.3682, M@10: 0.3099
valid H@20: 0.6672, N@20: 0.3965, M@20: 0.3177

test H@5: 0.4453, N@5: 0.3306, M@5: 0.2927
test H@10: 0.5537, N@10: 0.3657, M@10: 0.3072
test H@20: 0.6515, N@20: 0.3904, M@20: 0.3140

Epoch [88/1000], Train Loss: 51.7461, Elapsed: train 10.72 test 1.86 *
valid H@5: 0.4484, N@5: 0.3333, M@5: 0.2951
valid H@10: 0.5583, N@10: 0.3689, M@10: 0.3099
valid H@20: 0.6674, N@20: 0.3965, M@20: 0.3175

test H@5: 0.4449, N@5: 0.3300, M@5: 0.2920
test H@10: 0.5532, N@10: 0.3651, M@10: 0.3065
test H@20: 0.6520, N@20: 0.3901, M@20: 0.3134

Epoch [89/1000], Train Loss: 51.7061, Elapsed: train 10.71 test 1.94
valid H@5: 0.4474, N@5: 0.3330, M@5: 0.2951
valid H@10: 0.5599, N@10: 0.3694, M@10: 0.3101
valid H@20: 0.6668, N@20: 0.3965, M@20: 0.3176

test H@5: 0.4453, N@5: 0.3305, M@5: 0.2926
test H@10: 0.5532, N@10: 0.3654, M@10: 0.3070
test H@20: 0.6540, N@20: 0.3909, M@20: 0.3140

Epoch [90/1000], Train Loss: 51.3453, Elapsed: train 10.77 test 1.84 *
valid H@5: 0.4495, N@5: 0.3335, M@5: 0.2951
valid H@10: 0.5587, N@10: 0.3690, M@10: 0.3099
valid H@20: 0.6662, N@20: 0.3964, M@20: 0.3175

test H@5: 0.4463, N@5: 0.3302, M@5: 0.2919
test H@10: 0.5560, N@10: 0.3656, M@10: 0.3065
test H@20: 0.6551, N@20: 0.3906, M@20: 0.3133

Epoch [91/1000], Train Loss: 51.7394, Elapsed: train 10.61 test 1.95 *
valid H@5: 0.4493, N@5: 0.3348, M@5: 0.2969
valid H@10: 0.5587, N@10: 0.3703, M@10: 0.3116
valid H@20: 0.6679, N@20: 0.3980, M@20: 0.3193

test H@5: 0.4428, N@5: 0.3294, M@5: 0.2919
test H@10: 0.5539, N@10: 0.3656, M@10: 0.3070
test H@20: 0.6545, N@20: 0.3910, M@20: 0.3139

Epoch [92/1000], Train Loss: 51.0433, Elapsed: train 10.65 test 1.89 *
valid H@5: 0.4495, N@5: 0.3341, M@5: 0.2960
valid H@10: 0.5603, N@10: 0.3700, M@10: 0.3108
valid H@20: 0.6685, N@20: 0.3976, M@20: 0.3185

test H@5: 0.4463, N@5: 0.3320, M@5: 0.2943
test H@10: 0.5541, N@10: 0.3669, M@10: 0.3087
test H@20: 0.6568, N@20: 0.3928, M@20: 0.3158

Epoch [93/1000], Train Loss: 50.6339, Elapsed: train 10.61 test 1.96 *
valid H@5: 0.4497, N@5: 0.3351, M@5: 0.2971
valid H@10: 0.5597, N@10: 0.3708, M@10: 0.3120
valid H@20: 0.6672, N@20: 0.3982, M@20: 0.3196

test H@5: 0.4486, N@5: 0.3331, M@5: 0.2950
test H@10: 0.5518, N@10: 0.3666, M@10: 0.3089
test H@20: 0.6561, N@20: 0.3929, M@20: 0.3161

Epoch [94/1000], Train Loss: 50.3787, Elapsed: train 10.58 test 1.89 *
valid H@5: 0.4501, N@5: 0.3348, M@5: 0.2967
valid H@10: 0.5629, N@10: 0.3714, M@10: 0.3118
valid H@20: 0.6693, N@20: 0.3983, M@20: 0.3193

test H@5: 0.4472, N@5: 0.3335, M@5: 0.2960
test H@10: 0.5557, N@10: 0.3687, M@10: 0.3105
test H@20: 0.6574, N@20: 0.3942, M@20: 0.3174

Epoch [95/1000], Train Loss: 50.3247, Elapsed: train 10.65 test 1.92 *
valid H@5: 0.4489, N@5: 0.3348, M@5: 0.2971
valid H@10: 0.5641, N@10: 0.3722, M@10: 0.3126
valid H@20: 0.6685, N@20: 0.3987, M@20: 0.3199

test H@5: 0.4468, N@5: 0.3343, M@5: 0.2971
test H@10: 0.5578, N@10: 0.3703, M@10: 0.3121
test H@20: 0.6593, N@20: 0.3958, M@20: 0.3189

Epoch [96/1000], Train Loss: 50.0111, Elapsed: train 10.38 test 1.85 *
valid H@5: 0.4518, N@5: 0.3372, M@5: 0.2992
valid H@10: 0.5626, N@10: 0.3731, M@10: 0.3142
valid H@20: 0.6660, N@20: 0.3994, M@20: 0.3215

test H@5: 0.4472, N@5: 0.3343, M@5: 0.2970
test H@10: 0.5591, N@10: 0.3705, M@10: 0.3119
test H@20: 0.6597, N@20: 0.3957, M@20: 0.3187

Epoch [97/1000], Train Loss: 49.5775, Elapsed: train 10.58 test 1.97 *
valid H@5: 0.4520, N@5: 0.3369, M@5: 0.2987
valid H@10: 0.5641, N@10: 0.3732, M@10: 0.3138
valid H@20: 0.6693, N@20: 0.3998, M@20: 0.3211

test H@5: 0.4489, N@5: 0.3366, M@5: 0.2995
test H@10: 0.5599, N@10: 0.3725, M@10: 0.3143
test H@20: 0.6580, N@20: 0.3971, M@20: 0.3210

Epoch [98/1000], Train Loss: 49.1136, Elapsed: train 10.56 test 1.92 *
valid H@5: 0.4522, N@5: 0.3373, M@5: 0.2992
valid H@10: 0.5628, N@10: 0.3732, M@10: 0.3141
valid H@20: 0.6695, N@20: 0.4003, M@20: 0.3217

test H@5: 0.4491, N@5: 0.3361, M@5: 0.2988
test H@10: 0.5553, N@10: 0.3706, M@10: 0.3131
test H@20: 0.6597, N@20: 0.3969, M@20: 0.3203

Epoch [99/1000], Train Loss: 49.2296, Elapsed: train 10.48 test 2.01 *
valid H@5: 0.4530, N@5: 0.3383, M@5: 0.3003
valid H@10: 0.5645, N@10: 0.3745, M@10: 0.3153
valid H@20: 0.6689, N@20: 0.4010, M@20: 0.3227

test H@5: 0.4495, N@5: 0.3363, M@5: 0.2989
test H@10: 0.5570, N@10: 0.3711, M@10: 0.3133
test H@20: 0.6603, N@20: 0.3971, M@20: 0.3204

Epoch [100/1000], Train Loss: 49.5740, Elapsed: train 10.69 test 1.89 *
valid H@5: 0.4501, N@5: 0.3364, M@5: 0.2987
valid H@10: 0.5652, N@10: 0.3737, M@10: 0.3142
valid H@20: 0.6710, N@20: 0.4005, M@20: 0.3216

test H@5: 0.4516, N@5: 0.3370, M@5: 0.2991
test H@10: 0.5560, N@10: 0.3708, M@10: 0.3131
test H@20: 0.6624, N@20: 0.3976, M@20: 0.3204

Epoch [101/1000], Train Loss: 48.0981, Elapsed: train 10.56 test 1.96 *
valid H@5: 0.4518, N@5: 0.3372, M@5: 0.2993
valid H@10: 0.5656, N@10: 0.3741, M@10: 0.3145
valid H@20: 0.6699, N@20: 0.4006, M@20: 0.3219

test H@5: 0.4514, N@5: 0.3362, M@5: 0.2982
test H@10: 0.5568, N@10: 0.3704, M@10: 0.3123
test H@20: 0.6620, N@20: 0.3969, M@20: 0.3195

Epoch [102/1000], Train Loss: 48.8906, Elapsed: train 10.60 test 2.00
valid H@5: 0.4530, N@5: 0.3378, M@5: 0.2997
valid H@10: 0.5639, N@10: 0.3737, M@10: 0.3145
valid H@20: 0.6710, N@20: 0.4009, M@20: 0.3221

test H@5: 0.4539, N@5: 0.3377, M@5: 0.2994
test H@10: 0.5585, N@10: 0.3715, M@10: 0.3133
test H@20: 0.6628, N@20: 0.3978, M@20: 0.3205

Epoch [103/1000], Train Loss: 48.3909, Elapsed: train 10.65 test 1.84 *
valid H@5: 0.4518, N@5: 0.3373, M@5: 0.2994
valid H@10: 0.5647, N@10: 0.3739, M@10: 0.3146
valid H@20: 0.6712, N@20: 0.4010, M@20: 0.3221

test H@5: 0.4507, N@5: 0.3365, M@5: 0.2988
test H@10: 0.5599, N@10: 0.3719, M@10: 0.3134
test H@20: 0.6609, N@20: 0.3973, M@20: 0.3204

Epoch [104/1000], Train Loss: 47.6932, Elapsed: train 10.51 test 1.88 *
valid H@5: 0.4543, N@5: 0.3391, M@5: 0.3010
valid H@10: 0.5656, N@10: 0.3751, M@10: 0.3158
valid H@20: 0.6714, N@20: 0.4019, M@20: 0.3232

test H@5: 0.4512, N@5: 0.3371, M@5: 0.2994
test H@10: 0.5597, N@10: 0.3724, M@10: 0.3140
test H@20: 0.6595, N@20: 0.3976, M@20: 0.3210

Epoch [105/1000], Train Loss: 48.5414, Elapsed: train 10.73 test 1.91 *
valid H@5: 0.4530, N@5: 0.3370, M@5: 0.2986
valid H@10: 0.5639, N@10: 0.3730, M@10: 0.3134
valid H@20: 0.6737, N@20: 0.4008, M@20: 0.3212

test H@5: 0.4526, N@5: 0.3376, M@5: 0.2996
test H@10: 0.5587, N@10: 0.3721, M@10: 0.3139
test H@20: 0.6624, N@20: 0.3983, M@20: 0.3211

Epoch [106/1000], Train Loss: 47.6619, Elapsed: train 10.58 test 1.80
valid H@5: 0.4535, N@5: 0.3376, M@5: 0.2992
valid H@10: 0.5643, N@10: 0.3735, M@10: 0.3141
valid H@20: 0.6735, N@20: 0.4012, M@20: 0.3218

test H@5: 0.4547, N@5: 0.3382, M@5: 0.2998
test H@10: 0.5610, N@10: 0.3727, M@10: 0.3141
test H@20: 0.6618, N@20: 0.3982, M@20: 0.3211

Epoch [107/1000], Train Loss: 47.7355, Elapsed: train 10.63 test 1.93
valid H@5: 0.4528, N@5: 0.3383, M@5: 0.3004
valid H@10: 0.5629, N@10: 0.3741, M@10: 0.3153
valid H@20: 0.6733, N@20: 0.4022, M@20: 0.3230

test H@5: 0.4545, N@5: 0.3387, M@5: 0.3005
test H@10: 0.5626, N@10: 0.3737, M@10: 0.3149
test H@20: 0.6641, N@20: 0.3993, M@20: 0.3220

Epoch [108/1000], Train Loss: 46.9591, Elapsed: train 10.51 test 1.80
valid H@5: 0.4535, N@5: 0.3389, M@5: 0.3009
valid H@10: 0.5616, N@10: 0.3740, M@10: 0.3155
valid H@20: 0.6729, N@20: 0.4023, M@20: 0.3234

test H@5: 0.4539, N@5: 0.3380, M@5: 0.2997
test H@10: 0.5614, N@10: 0.3728, M@10: 0.3141
test H@20: 0.6641, N@20: 0.3987, M@20: 0.3212

Epoch [109/1000], Train Loss: 46.9176, Elapsed: train 10.49 test 1.87 *
valid H@5: 0.4556, N@5: 0.3398, M@5: 0.3015
valid H@10: 0.5622, N@10: 0.3744, M@10: 0.3158
valid H@20: 0.6741, N@20: 0.4028, M@20: 0.3237

test H@5: 0.4537, N@5: 0.3391, M@5: 0.3012
test H@10: 0.5622, N@10: 0.3742, M@10: 0.3157
test H@20: 0.6653, N@20: 0.4003, M@20: 0.3229

Epoch [110/1000], Train Loss: 46.4947, Elapsed: train 10.38 test 1.74
valid H@5: 0.4547, N@5: 0.3398, M@5: 0.3017
valid H@10: 0.5612, N@10: 0.3744, M@10: 0.3161
valid H@20: 0.6741, N@20: 0.4031, M@20: 0.3241

test H@5: 0.4541, N@5: 0.3393, M@5: 0.3014
test H@10: 0.5647, N@10: 0.3752, M@10: 0.3163
test H@20: 0.6653, N@20: 0.4005, M@20: 0.3232

Epoch [111/1000], Train Loss: 46.0105, Elapsed: train 10.52 test 1.90 *
valid H@5: 0.4555, N@5: 0.3402, M@5: 0.3020
valid H@10: 0.5629, N@10: 0.3750, M@10: 0.3164
valid H@20: 0.6750, N@20: 0.4035, M@20: 0.3243

test H@5: 0.4543, N@5: 0.3394, M@5: 0.3014
test H@10: 0.5633, N@10: 0.3748, M@10: 0.3161
test H@20: 0.6651, N@20: 0.4005, M@20: 0.3232

Epoch [112/1000], Train Loss: 46.7744, Elapsed: train 10.57 test 1.89 *
valid H@5: 0.4568, N@5: 0.3416, M@5: 0.3034
valid H@10: 0.5628, N@10: 0.3758, M@10: 0.3175
valid H@20: 0.6760, N@20: 0.4045, M@20: 0.3255

test H@5: 0.4556, N@5: 0.3390, M@5: 0.3005
test H@10: 0.5639, N@10: 0.3740, M@10: 0.3150
test H@20: 0.6670, N@20: 0.4000, M@20: 0.3220

Epoch [113/1000], Train Loss: 46.6565, Elapsed: train 10.77 test 1.86 *
valid H@5: 0.4574, N@5: 0.3414, M@5: 0.3030
valid H@10: 0.5651, N@10: 0.3762, M@10: 0.3173
valid H@20: 0.6735, N@20: 0.4037, M@20: 0.3249

test H@5: 0.4568, N@5: 0.3400, M@5: 0.3014
test H@10: 0.5612, N@10: 0.3739, M@10: 0.3155
test H@20: 0.6685, N@20: 0.4010, M@20: 0.3229

Epoch [114/1000], Train Loss: 46.2908, Elapsed: train 10.45 test 1.94 *
valid H@5: 0.4579, N@5: 0.3421, M@5: 0.3038
valid H@10: 0.5660, N@10: 0.3771, M@10: 0.3182
valid H@20: 0.6725, N@20: 0.4041, M@20: 0.3257

test H@5: 0.4564, N@5: 0.3405, M@5: 0.3022
test H@10: 0.5618, N@10: 0.3746, M@10: 0.3163
test H@20: 0.6689, N@20: 0.4016, M@20: 0.3237

Epoch [115/1000], Train Loss: 45.7949, Elapsed: train 10.66 test 1.86
valid H@5: 0.4574, N@5: 0.3426, M@5: 0.3046
valid H@10: 0.5651, N@10: 0.3775, M@10: 0.3190
valid H@20: 0.6716, N@20: 0.4045, M@20: 0.3265

test H@5: 0.4568, N@5: 0.3411, M@5: 0.3029
test H@10: 0.5631, N@10: 0.3755, M@10: 0.3171
test H@20: 0.6672, N@20: 0.4018, M@20: 0.3243

Epoch [116/1000], Train Loss: 45.2481, Elapsed: train 10.69 test 2.26 *
valid H@5: 0.4566, N@5: 0.3417, M@5: 0.3037
valid H@10: 0.5664, N@10: 0.3773, M@10: 0.3184
valid H@20: 0.6737, N@20: 0.4045, M@20: 0.3259

test H@5: 0.4555, N@5: 0.3406, M@5: 0.3027
test H@10: 0.5618, N@10: 0.3751, M@10: 0.3170
test H@20: 0.6697, N@20: 0.4023, M@20: 0.3245

Epoch [117/1000], Train Loss: 45.5699, Elapsed: train 10.68 test 1.80
valid H@5: 0.4528, N@5: 0.3398, M@5: 0.3025
valid H@10: 0.5656, N@10: 0.3765, M@10: 0.3177
valid H@20: 0.6739, N@20: 0.4040, M@20: 0.3253

test H@5: 0.4562, N@5: 0.3420, M@5: 0.3042
test H@10: 0.5618, N@10: 0.3762, M@10: 0.3185
test H@20: 0.6699, N@20: 0.4035, M@20: 0.3259

Epoch [118/1000], Train Loss: 45.0560, Elapsed: train 10.60 test 1.88 *
valid H@5: 0.4524, N@5: 0.3395, M@5: 0.3021
valid H@10: 0.5695, N@10: 0.3775, M@10: 0.3179
valid H@20: 0.6743, N@20: 0.4040, M@20: 0.3252

test H@5: 0.4599, N@5: 0.3427, M@5: 0.3040
test H@10: 0.5620, N@10: 0.3757, M@10: 0.3176
test H@20: 0.6697, N@20: 0.4029, M@20: 0.3250

Epoch [119/1000], Train Loss: 45.0707, Elapsed: train 10.41 test 1.79
valid H@5: 0.4555, N@5: 0.3415, M@5: 0.3038
valid H@10: 0.5683, N@10: 0.3780, M@10: 0.3189
valid H@20: 0.6748, N@20: 0.4050, M@20: 0.3263

test H@5: 0.4591, N@5: 0.3433, M@5: 0.3050
test H@10: 0.5614, N@10: 0.3764, M@10: 0.3187
test H@20: 0.6695, N@20: 0.4037, M@20: 0.3262

Epoch [120/1000], Train Loss: 44.8870, Elapsed: train 10.60 test 1.97
valid H@5: 0.4532, N@5: 0.3403, M@5: 0.3028
valid H@10: 0.5664, N@10: 0.3770, M@10: 0.3181
valid H@20: 0.6743, N@20: 0.4044, M@20: 0.3256

test H@5: 0.4585, N@5: 0.3424, M@5: 0.3040
test H@10: 0.5612, N@10: 0.3756, M@10: 0.3177
test H@20: 0.6706, N@20: 0.4033, M@20: 0.3253

Epoch [121/1000], Train Loss: 45.0845, Elapsed: train 10.60 test 1.88
valid H@5: 0.4539, N@5: 0.3410, M@5: 0.3035
valid H@10: 0.5687, N@10: 0.3781, M@10: 0.3189
valid H@20: 0.6725, N@20: 0.4045, M@20: 0.3262

test H@5: 0.4614, N@5: 0.3435, M@5: 0.3046
test H@10: 0.5628, N@10: 0.3761, M@10: 0.3180
test H@20: 0.6697, N@20: 0.4032, M@20: 0.3254

Epoch [122/1000], Train Loss: 44.6334, Elapsed: train 10.56 test 1.88
valid H@5: 0.4558, N@5: 0.3425, M@5: 0.3049
valid H@10: 0.5691, N@10: 0.3792, M@10: 0.3200
valid H@20: 0.6718, N@20: 0.4052, M@20: 0.3272

test H@5: 0.4595, N@5: 0.3430, M@5: 0.3045
test H@10: 0.5610, N@10: 0.3759, M@10: 0.3181
test H@20: 0.6691, N@20: 0.4032, M@20: 0.3256

Epoch [123/1000], Train Loss: 44.6539, Elapsed: train 10.56 test 1.85 *
valid H@5: 0.4583, N@5: 0.3449, M@5: 0.3073
valid H@10: 0.5689, N@10: 0.3807, M@10: 0.3221
valid H@20: 0.6704, N@20: 0.4065, M@20: 0.3292

test H@5: 0.4595, N@5: 0.3434, M@5: 0.3050
test H@10: 0.5628, N@10: 0.3769, M@10: 0.3189
test H@20: 0.6697, N@20: 0.4038, M@20: 0.3262

Epoch [124/1000], Train Loss: 44.3920, Elapsed: train 10.72 test 1.84
valid H@5: 0.4581, N@5: 0.3443, M@5: 0.3065
valid H@10: 0.5662, N@10: 0.3794, M@10: 0.3211
valid H@20: 0.6720, N@20: 0.4063, M@20: 0.3285

test H@5: 0.4593, N@5: 0.3432, M@5: 0.3048
test H@10: 0.5641, N@10: 0.3772, M@10: 0.3189
test H@20: 0.6691, N@20: 0.4037, M@20: 0.3261

Epoch [125/1000], Train Loss: 44.3348, Elapsed: train 10.72 test 1.87 *
valid H@5: 0.4616, N@5: 0.3455, M@5: 0.3071
valid H@10: 0.5670, N@10: 0.3797, M@10: 0.3212
valid H@20: 0.6718, N@20: 0.4062, M@20: 0.3285

test H@5: 0.4587, N@5: 0.3439, M@5: 0.3059
test H@10: 0.5633, N@10: 0.3778, M@10: 0.3200
test H@20: 0.6685, N@20: 0.4044, M@20: 0.3273

Epoch [126/1000], Train Loss: 44.3752, Elapsed: train 10.58 test 1.83
valid H@5: 0.4606, N@5: 0.3452, M@5: 0.3070
valid H@10: 0.5691, N@10: 0.3804, M@10: 0.3216
valid H@20: 0.6729, N@20: 0.4067, M@20: 0.3288

test H@5: 0.4579, N@5: 0.3445, M@5: 0.3070
test H@10: 0.5652, N@10: 0.3794, M@10: 0.3216
test H@20: 0.6697, N@20: 0.4058, M@20: 0.3288

Epoch [127/1000], Train Loss: 43.8987, Elapsed: train 10.65 test 1.89
valid H@5: 0.4593, N@5: 0.3443, M@5: 0.3062
valid H@10: 0.5677, N@10: 0.3795, M@10: 0.3208
valid H@20: 0.6714, N@20: 0.4058, M@20: 0.3281

test H@5: 0.4599, N@5: 0.3453, M@5: 0.3075
test H@10: 0.5649, N@10: 0.3795, M@10: 0.3217
test H@20: 0.6674, N@20: 0.4054, M@20: 0.3288

Epoch [128/1000], Train Loss: 44.2554, Elapsed: train 10.63 test 1.92 *
valid H@5: 0.4622, N@5: 0.3453, M@5: 0.3066
valid H@10: 0.5687, N@10: 0.3799, M@10: 0.3210
valid H@20: 0.6714, N@20: 0.4060, M@20: 0.3282

test H@5: 0.4604, N@5: 0.3467, M@5: 0.3091
test H@10: 0.5643, N@10: 0.3804, M@10: 0.3231
test H@20: 0.6678, N@20: 0.4066, M@20: 0.3303

Epoch [129/1000], Train Loss: 43.1798, Elapsed: train 10.56 test 1.89 *
valid H@5: 0.4645, N@5: 0.3464, M@5: 0.3074
valid H@10: 0.5691, N@10: 0.3803, M@10: 0.3214
valid H@20: 0.6702, N@20: 0.4061, M@20: 0.3286

test H@5: 0.4606, N@5: 0.3467, M@5: 0.3090
test H@10: 0.5647, N@10: 0.3803, M@10: 0.3229
test H@20: 0.6676, N@20: 0.4064, M@20: 0.3300

Epoch [130/1000], Train Loss: 43.4032, Elapsed: train 10.56 test 1.83 *
valid H@5: 0.4650, N@5: 0.3460, M@5: 0.3067
valid H@10: 0.5681, N@10: 0.3794, M@10: 0.3204
valid H@20: 0.6699, N@20: 0.4054, M@20: 0.3277

test H@5: 0.4610, N@5: 0.3467, M@5: 0.3090
test H@10: 0.5641, N@10: 0.3801, M@10: 0.3227
test H@20: 0.6676, N@20: 0.4063, M@20: 0.3299

Epoch [131/1000], Train Loss: 43.7408, Elapsed: train 10.69 test 2.00 *
valid H@5: 0.4635, N@5: 0.3466, M@5: 0.3080
valid H@10: 0.5696, N@10: 0.3810, M@10: 0.3222
valid H@20: 0.6699, N@20: 0.4065, M@20: 0.3293

test H@5: 0.4620, N@5: 0.3467, M@5: 0.3086
test H@10: 0.5658, N@10: 0.3802, M@10: 0.3224
test H@20: 0.6672, N@20: 0.4059, M@20: 0.3295

Epoch [132/1000], Train Loss: 43.7852, Elapsed: train 10.62 test 1.93
valid H@5: 0.4633, N@5: 0.3475, M@5: 0.3092
valid H@10: 0.5695, N@10: 0.3819, M@10: 0.3234
valid H@20: 0.6714, N@20: 0.4078, M@20: 0.3306

test H@5: 0.4602, N@5: 0.3459, M@5: 0.3081
test H@10: 0.5674, N@10: 0.3805, M@10: 0.3223
test H@20: 0.6679, N@20: 0.4059, M@20: 0.3293

Epoch [133/1000], Train Loss: 43.6055, Elapsed: train 10.88 test 1.92
valid H@5: 0.4641, N@5: 0.3487, M@5: 0.3105
valid H@10: 0.5689, N@10: 0.3826, M@10: 0.3245
valid H@20: 0.6733, N@20: 0.4091, M@20: 0.3319

test H@5: 0.4599, N@5: 0.3452, M@5: 0.3073
test H@10: 0.5674, N@10: 0.3801, M@10: 0.3217
test H@20: 0.6674, N@20: 0.4054, M@20: 0.3287

Epoch [134/1000], Train Loss: 43.2718, Elapsed: train 10.67 test 1.87 *
valid H@5: 0.4658, N@5: 0.3486, M@5: 0.3098
valid H@10: 0.5696, N@10: 0.3822, M@10: 0.3237
valid H@20: 0.6718, N@20: 0.4082, M@20: 0.3309

test H@5: 0.4616, N@5: 0.3468, M@5: 0.3088
test H@10: 0.5691, N@10: 0.3817, M@10: 0.3232
test H@20: 0.6685, N@20: 0.4068, M@20: 0.3301

Epoch [135/1000], Train Loss: 42.5455, Elapsed: train 10.63 test 1.91 *
valid H@5: 0.4637, N@5: 0.3481, M@5: 0.3099
valid H@10: 0.5700, N@10: 0.3826, M@10: 0.3242
valid H@20: 0.6725, N@20: 0.4087, M@20: 0.3314

test H@5: 0.4623, N@5: 0.3473, M@5: 0.3092
test H@10: 0.5683, N@10: 0.3817, M@10: 0.3235
test H@20: 0.6695, N@20: 0.4073, M@20: 0.3305

Epoch [136/1000], Train Loss: 43.8504, Elapsed: train 10.61 test 2.07 *
valid H@5: 0.4635, N@5: 0.3488, M@5: 0.3108
valid H@10: 0.5721, N@10: 0.3840, M@10: 0.3254
valid H@20: 0.6739, N@20: 0.4098, M@20: 0.3325

test H@5: 0.4646, N@5: 0.3487, M@5: 0.3104
test H@10: 0.5674, N@10: 0.3821, M@10: 0.3243
test H@20: 0.6687, N@20: 0.4078, M@20: 0.3313

Epoch [137/1000], Train Loss: 43.2035, Elapsed: train 10.66 test 1.94 *
valid H@5: 0.4650, N@5: 0.3505, M@5: 0.3126
valid H@10: 0.5733, N@10: 0.3855, M@10: 0.3271
valid H@20: 0.6725, N@20: 0.4107, M@20: 0.3340

test H@5: 0.4668, N@5: 0.3493, M@5: 0.3104
test H@10: 0.5698, N@10: 0.3827, M@10: 0.3242
test H@20: 0.6695, N@20: 0.4078, M@20: 0.3311

Epoch [138/1000], Train Loss: 43.1767, Elapsed: train 10.68 test 1.90 *
valid H@5: 0.4666, N@5: 0.3500, M@5: 0.3114
valid H@10: 0.5702, N@10: 0.3836, M@10: 0.3253
valid H@20: 0.6724, N@20: 0.4096, M@20: 0.3326

test H@5: 0.4668, N@5: 0.3489, M@5: 0.3100
test H@10: 0.5666, N@10: 0.3813, M@10: 0.3235
test H@20: 0.6687, N@20: 0.4072, M@20: 0.3306

Epoch [139/1000], Train Loss: 42.8217, Elapsed: train 10.58 test 1.92
valid H@5: 0.4658, N@5: 0.3491, M@5: 0.3105
valid H@10: 0.5723, N@10: 0.3837, M@10: 0.3248
valid H@20: 0.6724, N@20: 0.4091, M@20: 0.3318

test H@5: 0.4692, N@5: 0.3496, M@5: 0.3101
test H@10: 0.5693, N@10: 0.3820, M@10: 0.3235
test H@20: 0.6695, N@20: 0.4073, M@20: 0.3305

Epoch [140/1000], Train Loss: 42.4557, Elapsed: train 10.56 test 1.91 *
valid H@5: 0.4668, N@5: 0.3497, M@5: 0.3110
valid H@10: 0.5739, N@10: 0.3844, M@10: 0.3253
valid H@20: 0.6739, N@20: 0.4097, M@20: 0.3323

test H@5: 0.4710, N@5: 0.3502, M@5: 0.3104
test H@10: 0.5704, N@10: 0.3822, M@10: 0.3235
test H@20: 0.6683, N@20: 0.4069, M@20: 0.3303

Epoch [141/1000], Train Loss: 42.5289, Elapsed: train 10.73 test 1.90
valid H@5: 0.4660, N@5: 0.3499, M@5: 0.3115
valid H@10: 0.5698, N@10: 0.3837, M@10: 0.3255
valid H@20: 0.6752, N@20: 0.4104, M@20: 0.3329

test H@5: 0.4685, N@5: 0.3494, M@5: 0.3101
test H@10: 0.5689, N@10: 0.3819, M@10: 0.3236
test H@20: 0.6672, N@20: 0.4068, M@20: 0.3304

Epoch [142/1000], Train Loss: 41.5137, Elapsed: train 10.86 test 1.85 *
valid H@5: 0.4683, N@5: 0.3509, M@5: 0.3121
valid H@10: 0.5706, N@10: 0.3840, M@10: 0.3258
valid H@20: 0.6741, N@20: 0.4103, M@20: 0.3331

test H@5: 0.4675, N@5: 0.3490, M@5: 0.3099
test H@10: 0.5660, N@10: 0.3810, M@10: 0.3232
test H@20: 0.6693, N@20: 0.4072, M@20: 0.3304

Epoch [143/1000], Train Loss: 42.3354, Elapsed: train 10.66 test 1.92
valid H@5: 0.4673, N@5: 0.3506, M@5: 0.3120
valid H@10: 0.5716, N@10: 0.3843, M@10: 0.3259
valid H@20: 0.6739, N@20: 0.4102, M@20: 0.3331

test H@5: 0.4658, N@5: 0.3489, M@5: 0.3104
test H@10: 0.5685, N@10: 0.3823, M@10: 0.3242
test H@20: 0.6693, N@20: 0.4077, M@20: 0.3312

Epoch [144/1000], Train Loss: 42.6118, Elapsed: train 10.89 test 1.92
valid H@5: 0.4671, N@5: 0.3497, M@5: 0.3109
valid H@10: 0.5718, N@10: 0.3835, M@10: 0.3248
valid H@20: 0.6739, N@20: 0.4094, M@20: 0.3320

test H@5: 0.4681, N@5: 0.3502, M@5: 0.3114
test H@10: 0.5700, N@10: 0.3832, M@10: 0.3250
test H@20: 0.6693, N@20: 0.4083, M@20: 0.3319

Epoch [145/1000], Train Loss: 42.6487, Elapsed: train 10.72 test 1.94 *
valid H@5: 0.4662, N@5: 0.3498, M@5: 0.3113
valid H@10: 0.5746, N@10: 0.3848, M@10: 0.3257
valid H@20: 0.6725, N@20: 0.4097, M@20: 0.3326

test H@5: 0.4681, N@5: 0.3509, M@5: 0.3123
test H@10: 0.5691, N@10: 0.3837, M@10: 0.3259
test H@20: 0.6704, N@20: 0.4093, M@20: 0.3329

Epoch [146/1000], Train Loss: 42.0887, Elapsed: train 10.73 test 1.99
valid H@5: 0.4656, N@5: 0.3503, M@5: 0.3121
valid H@10: 0.5723, N@10: 0.3847, M@10: 0.3263
valid H@20: 0.6735, N@20: 0.4104, M@20: 0.3334

test H@5: 0.4704, N@5: 0.3514, M@5: 0.3121
test H@10: 0.5702, N@10: 0.3838, M@10: 0.3255
test H@20: 0.6708, N@20: 0.4091, M@20: 0.3325

Epoch [147/1000], Train Loss: 42.2637, Elapsed: train 10.88 test 1.88
valid H@5: 0.4673, N@5: 0.3511, M@5: 0.3127
valid H@10: 0.5733, N@10: 0.3854, M@10: 0.3269
valid H@20: 0.6733, N@20: 0.4107, M@20: 0.3339

test H@5: 0.4704, N@5: 0.3510, M@5: 0.3116
test H@10: 0.5674, N@10: 0.3825, M@10: 0.3247
test H@20: 0.6706, N@20: 0.4086, M@20: 0.3318

Epoch [148/1000], Train Loss: 41.9163, Elapsed: train 10.73 test 2.02
valid H@5: 0.4668, N@5: 0.3512, M@5: 0.3130
valid H@10: 0.5746, N@10: 0.3861, M@10: 0.3274
valid H@20: 0.6720, N@20: 0.4108, M@20: 0.3342

test H@5: 0.4708, N@5: 0.3517, M@5: 0.3124
test H@10: 0.5670, N@10: 0.3830, M@10: 0.3255
test H@20: 0.6704, N@20: 0.4092, M@20: 0.3327

Epoch [149/1000], Train Loss: 42.1135, Elapsed: train 10.67 test 1.96
valid H@5: 0.4656, N@5: 0.3513, M@5: 0.3134
valid H@10: 0.5739, N@10: 0.3863, M@10: 0.3279
valid H@20: 0.6729, N@20: 0.4115, M@20: 0.3349

test H@5: 0.4681, N@5: 0.3505, M@5: 0.3117
test H@10: 0.5683, N@10: 0.3833, M@10: 0.3255
test H@20: 0.6716, N@20: 0.4095, M@20: 0.3327

Epoch [150/1000], Train Loss: 41.9742, Elapsed: train 10.61 test 1.92
valid H@5: 0.4637, N@5: 0.3504, M@5: 0.3128
valid H@10: 0.5729, N@10: 0.3857, M@10: 0.3274
valid H@20: 0.6748, N@20: 0.4116, M@20: 0.3346

test H@5: 0.4706, N@5: 0.3507, M@5: 0.3112
test H@10: 0.5712, N@10: 0.3836, M@10: 0.3250
test H@20: 0.6714, N@20: 0.4090, M@20: 0.3319

Epoch [151/1000], Train Loss: 41.5041, Elapsed: train 10.64 test 1.85 *
valid H@5: 0.4668, N@5: 0.3519, M@5: 0.3139
valid H@10: 0.5731, N@10: 0.3863, M@10: 0.3281
valid H@20: 0.6768, N@20: 0.4126, M@20: 0.3353

test H@5: 0.4719, N@5: 0.3523, M@5: 0.3128
test H@10: 0.5727, N@10: 0.3851, M@10: 0.3265
test H@20: 0.6710, N@20: 0.4099, M@20: 0.3333

Epoch [152/1000], Train Loss: 41.5624, Elapsed: train 10.71 test 2.02
valid H@5: 0.4635, N@5: 0.3505, M@5: 0.3131
valid H@10: 0.5718, N@10: 0.3857, M@10: 0.3277
valid H@20: 0.6760, N@20: 0.4122, M@20: 0.3350

test H@5: 0.4708, N@5: 0.3515, M@5: 0.3122
test H@10: 0.5710, N@10: 0.3842, M@10: 0.3258
test H@20: 0.6722, N@20: 0.4098, M@20: 0.3329

Epoch [153/1000], Train Loss: 41.5759, Elapsed: train 10.64 test 2.00 *
valid H@5: 0.4650, N@5: 0.3511, M@5: 0.3134
valid H@10: 0.5750, N@10: 0.3867, M@10: 0.3280
valid H@20: 0.6754, N@20: 0.4121, M@20: 0.3350

test H@5: 0.4708, N@5: 0.3527, M@5: 0.3138
test H@10: 0.5719, N@10: 0.3857, M@10: 0.3276
test H@20: 0.6712, N@20: 0.4108, M@20: 0.3345

Epoch [154/1000], Train Loss: 40.8526, Elapsed: train 10.70 test 2.07 *
valid H@5: 0.4673, N@5: 0.3522, M@5: 0.3141
valid H@10: 0.5721, N@10: 0.3863, M@10: 0.3282
valid H@20: 0.6794, N@20: 0.4135, M@20: 0.3357

test H@5: 0.4719, N@5: 0.3526, M@5: 0.3132
test H@10: 0.5704, N@10: 0.3848, M@10: 0.3267
test H@20: 0.6714, N@20: 0.4103, M@20: 0.3337

Epoch [155/1000], Train Loss: 41.2976, Elapsed: train 10.61 test 1.86
valid H@5: 0.4664, N@5: 0.3517, M@5: 0.3136
valid H@10: 0.5737, N@10: 0.3866, M@10: 0.3281
valid H@20: 0.6783, N@20: 0.4131, M@20: 0.3355

test H@5: 0.4710, N@5: 0.3530, M@5: 0.3140
test H@10: 0.5727, N@10: 0.3862, M@10: 0.3279
test H@20: 0.6716, N@20: 0.4112, M@20: 0.3348

Epoch [156/1000], Train Loss: 41.0535, Elapsed: train 10.70 test 1.85
valid H@5: 0.4662, N@5: 0.3509, M@5: 0.3126
valid H@10: 0.5737, N@10: 0.3858, M@10: 0.3272
valid H@20: 0.6773, N@20: 0.4121, M@20: 0.3344

test H@5: 0.4712, N@5: 0.3523, M@5: 0.3131
test H@10: 0.5748, N@10: 0.3860, M@10: 0.3271
test H@20: 0.6724, N@20: 0.4106, M@20: 0.3338

Epoch [157/1000], Train Loss: 41.1286, Elapsed: train 10.68 test 1.92
valid H@5: 0.4652, N@5: 0.3514, M@5: 0.3137
valid H@10: 0.5721, N@10: 0.3862, M@10: 0.3282
valid H@20: 0.6769, N@20: 0.4128, M@20: 0.3355

test H@5: 0.4698, N@5: 0.3532, M@5: 0.3147
test H@10: 0.5756, N@10: 0.3877, M@10: 0.3290
test H@20: 0.6727, N@20: 0.4121, M@20: 0.3357

Epoch [158/1000], Train Loss: 41.0199, Elapsed: train 10.64 test 2.04
valid H@5: 0.4673, N@5: 0.3523, M@5: 0.3142
valid H@10: 0.5718, N@10: 0.3862, M@10: 0.3283
valid H@20: 0.6775, N@20: 0.4131, M@20: 0.3358

test H@5: 0.4704, N@5: 0.3535, M@5: 0.3149
test H@10: 0.5765, N@10: 0.3880, M@10: 0.3292
test H@20: 0.6724, N@20: 0.4121, M@20: 0.3358

Epoch [159/1000], Train Loss: 41.0351, Elapsed: train 10.56 test 1.81
valid H@5: 0.4652, N@5: 0.3512, M@5: 0.3134
valid H@10: 0.5746, N@10: 0.3868, M@10: 0.3282
valid H@20: 0.6791, N@20: 0.4132, M@20: 0.3354

test H@5: 0.4692, N@5: 0.3542, M@5: 0.3161
test H@10: 0.5754, N@10: 0.3887, M@10: 0.3305
test H@20: 0.6743, N@20: 0.4136, M@20: 0.3373

Epoch [160/1000], Train Loss: 40.2403, Elapsed: train 10.73 test 1.94
valid H@5: 0.4679, N@5: 0.3527, M@5: 0.3146
valid H@10: 0.5721, N@10: 0.3866, M@10: 0.3286
valid H@20: 0.6781, N@20: 0.4134, M@20: 0.3360

test H@5: 0.4677, N@5: 0.3524, M@5: 0.3143
test H@10: 0.5752, N@10: 0.3874, M@10: 0.3288
test H@20: 0.6735, N@20: 0.4122, M@20: 0.3356

Epoch [161/1000], Train Loss: 40.7578, Elapsed: train 10.69 test 2.13 *
valid H@5: 0.4710, N@5: 0.3547, M@5: 0.3162
valid H@10: 0.5723, N@10: 0.3875, M@10: 0.3298
valid H@20: 0.6769, N@20: 0.4141, M@20: 0.3371

test H@5: 0.4687, N@5: 0.3519, M@5: 0.3133
test H@10: 0.5748, N@10: 0.3864, M@10: 0.3277
test H@20: 0.6743, N@20: 0.4115, M@20: 0.3345

Epoch [162/1000], Train Loss: 40.9698, Elapsed: train 10.81 test 1.90 *
valid H@5: 0.4725, N@5: 0.3552, M@5: 0.3164
valid H@10: 0.5727, N@10: 0.3877, M@10: 0.3298
valid H@20: 0.6769, N@20: 0.4141, M@20: 0.3371

test H@5: 0.4719, N@5: 0.3538, M@5: 0.3147
test H@10: 0.5727, N@10: 0.3865, M@10: 0.3283
test H@20: 0.6725, N@20: 0.4117, M@20: 0.3352

Epoch [163/1000], Train Loss: 40.7245, Elapsed: train 10.86 test 2.13
valid H@5: 0.4725, N@5: 0.3544, M@5: 0.3154
valid H@10: 0.5719, N@10: 0.3866, M@10: 0.3286
valid H@20: 0.6760, N@20: 0.4130, M@20: 0.3360

test H@5: 0.4704, N@5: 0.3534, M@5: 0.3147
test H@10: 0.5718, N@10: 0.3863, M@10: 0.3284
test H@20: 0.6731, N@20: 0.4120, M@20: 0.3355

Epoch [164/1000], Train Loss: 40.7518, Elapsed: train 10.87 test 1.90
valid H@5: 0.4723, N@5: 0.3558, M@5: 0.3173
valid H@10: 0.5731, N@10: 0.3884, M@10: 0.3307
valid H@20: 0.6777, N@20: 0.4150, M@20: 0.3381

test H@5: 0.4689, N@5: 0.3531, M@5: 0.3148
test H@10: 0.5731, N@10: 0.3870, M@10: 0.3289
test H@20: 0.6731, N@20: 0.4123, M@20: 0.3359

Epoch [165/1000], Train Loss: 40.4917, Elapsed: train 10.62 test 1.88 *
valid H@5: 0.4737, N@5: 0.3560, M@5: 0.3171
valid H@10: 0.5739, N@10: 0.3883, M@10: 0.3303
valid H@20: 0.6783, N@20: 0.4148, M@20: 0.3377

test H@5: 0.4700, N@5: 0.3526, M@5: 0.3137
test H@10: 0.5733, N@10: 0.3862, M@10: 0.3277
test H@20: 0.6748, N@20: 0.4118, M@20: 0.3348

Epoch [166/1000], Train Loss: 40.4794, Elapsed: train 11.00 test 1.82
valid H@5: 0.4710, N@5: 0.3544, M@5: 0.3158
valid H@10: 0.5723, N@10: 0.3871, M@10: 0.3293
valid H@20: 0.6773, N@20: 0.4139, M@20: 0.3367

test H@5: 0.4710, N@5: 0.3541, M@5: 0.3155
test H@10: 0.5718, N@10: 0.3870, M@10: 0.3292
test H@20: 0.6747, N@20: 0.4129, M@20: 0.3363

Epoch [167/1000], Train Loss: 40.8632, Elapsed: train 10.90 test 2.02
valid H@5: 0.4689, N@5: 0.3544, M@5: 0.3164
valid H@10: 0.5737, N@10: 0.3882, M@10: 0.3303
valid H@20: 0.6775, N@20: 0.4146, M@20: 0.3376

test H@5: 0.4714, N@5: 0.3534, M@5: 0.3143
test H@10: 0.5731, N@10: 0.3864, M@10: 0.3280
test H@20: 0.6760, N@20: 0.4124, M@20: 0.3351

Epoch [168/1000], Train Loss: 40.3367, Elapsed: train 10.76 test 1.94 *
valid H@5: 0.4698, N@5: 0.3552, M@5: 0.3171
valid H@10: 0.5758, N@10: 0.3893, M@10: 0.3312
valid H@20: 0.6785, N@20: 0.4153, M@20: 0.3383

test H@5: 0.4698, N@5: 0.3531, M@5: 0.3145
test H@10: 0.5744, N@10: 0.3871, M@10: 0.3286
test H@20: 0.6760, N@20: 0.4127, M@20: 0.3356

Epoch [169/1000], Train Loss: 40.1323, Elapsed: train 10.82 test 2.33
valid H@5: 0.4696, N@5: 0.3547, M@5: 0.3166
valid H@10: 0.5741, N@10: 0.3885, M@10: 0.3305
valid H@20: 0.6789, N@20: 0.4151, M@20: 0.3379

test H@5: 0.4700, N@5: 0.3541, M@5: 0.3158
test H@10: 0.5748, N@10: 0.3882, M@10: 0.3299
test H@20: 0.6758, N@20: 0.4137, M@20: 0.3369

Epoch [170/1000], Train Loss: 40.3422, Elapsed: train 10.95 test 1.98
valid H@5: 0.4721, N@5: 0.3565, M@5: 0.3181
valid H@10: 0.5737, N@10: 0.3893, M@10: 0.3317
valid H@20: 0.6789, N@20: 0.4161, M@20: 0.3391

test H@5: 0.4691, N@5: 0.3539, M@5: 0.3158
test H@10: 0.5746, N@10: 0.3881, M@10: 0.3300
test H@20: 0.6777, N@20: 0.4141, M@20: 0.3371

Epoch [171/1000], Train Loss: 39.9086, Elapsed: train 10.71 test 2.01
valid H@5: 0.4694, N@5: 0.3548, M@5: 0.3168
valid H@10: 0.5741, N@10: 0.3887, M@10: 0.3308
valid H@20: 0.6789, N@20: 0.4153, M@20: 0.3382

test H@5: 0.4675, N@5: 0.3535, M@5: 0.3158
test H@10: 0.5758, N@10: 0.3886, M@10: 0.3304
test H@20: 0.6773, N@20: 0.4143, M@20: 0.3374

Epoch [172/1000], Train Loss: 40.0844, Elapsed: train 10.56 test 2.00
valid H@5: 0.4706, N@5: 0.3545, M@5: 0.3160
valid H@10: 0.5748, N@10: 0.3882, M@10: 0.3300
valid H@20: 0.6794, N@20: 0.4148, M@20: 0.3373

test H@5: 0.4666, N@5: 0.3523, M@5: 0.3144
test H@10: 0.5775, N@10: 0.3883, M@10: 0.3294
test H@20: 0.6756, N@20: 0.4130, M@20: 0.3361

Epoch [173/1000], Train Loss: 39.7489, Elapsed: train 10.69 test 1.98 *
valid H@5: 0.4706, N@5: 0.3543, M@5: 0.3158
valid H@10: 0.5771, N@10: 0.3887, M@10: 0.3299
valid H@20: 0.6819, N@20: 0.4151, M@20: 0.3372

test H@5: 0.4681, N@5: 0.3532, M@5: 0.3152
test H@10: 0.5752, N@10: 0.3879, M@10: 0.3296
test H@20: 0.6766, N@20: 0.4136, M@20: 0.3366

Epoch [174/1000], Train Loss: 39.5982, Elapsed: train 10.68 test 2.01
valid H@5: 0.4694, N@5: 0.3545, M@5: 0.3164
valid H@10: 0.5758, N@10: 0.3889, M@10: 0.3306
valid H@20: 0.6815, N@20: 0.4156, M@20: 0.3380

test H@5: 0.4710, N@5: 0.3550, M@5: 0.3166
test H@10: 0.5764, N@10: 0.3890, M@10: 0.3305
test H@20: 0.6747, N@20: 0.4139, M@20: 0.3374

Epoch [175/1000], Train Loss: 39.9587, Elapsed: train 10.62 test 1.90
valid H@5: 0.4717, N@5: 0.3559, M@5: 0.3176
valid H@10: 0.5742, N@10: 0.3891, M@10: 0.3313
valid H@20: 0.6791, N@20: 0.4157, M@20: 0.3386

test H@5: 0.4712, N@5: 0.3548, M@5: 0.3162
test H@10: 0.5775, N@10: 0.3891, M@10: 0.3303
test H@20: 0.6739, N@20: 0.4134, M@20: 0.3370

Epoch [176/1000], Train Loss: 39.8819, Elapsed: train 10.61 test 1.94
valid H@5: 0.4704, N@5: 0.3553, M@5: 0.3171
valid H@10: 0.5731, N@10: 0.3886, M@10: 0.3310
valid H@20: 0.6787, N@20: 0.4155, M@20: 0.3384

test H@5: 0.4725, N@5: 0.3548, M@5: 0.3158
test H@10: 0.5754, N@10: 0.3881, M@10: 0.3295
test H@20: 0.6731, N@20: 0.4129, M@20: 0.3363

Epoch [177/1000], Train Loss: 39.7290, Elapsed: train 10.94 test 1.89 *
valid H@5: 0.4740, N@5: 0.3559, M@5: 0.3168
valid H@10: 0.5758, N@10: 0.3888, M@10: 0.3304
valid H@20: 0.6789, N@20: 0.4149, M@20: 0.3376

test H@5: 0.4719, N@5: 0.3544, M@5: 0.3155
test H@10: 0.5754, N@10: 0.3880, M@10: 0.3294
test H@20: 0.6741, N@20: 0.4130, M@20: 0.3363

Epoch [178/1000], Train Loss: 39.6118, Elapsed: train 10.53 test 1.99
valid H@5: 0.4737, N@5: 0.3556, M@5: 0.3166
valid H@10: 0.5750, N@10: 0.3885, M@10: 0.3302
valid H@20: 0.6781, N@20: 0.4146, M@20: 0.3373

test H@5: 0.4721, N@5: 0.3549, M@5: 0.3161
test H@10: 0.5773, N@10: 0.3890, M@10: 0.3301
test H@20: 0.6737, N@20: 0.4134, M@20: 0.3369

Epoch [179/1000], Train Loss: 39.4038, Elapsed: train 11.05 test 1.88
valid H@5: 0.4729, N@5: 0.3566, M@5: 0.3180
valid H@10: 0.5760, N@10: 0.3899, M@10: 0.3318
valid H@20: 0.6796, N@20: 0.4161, M@20: 0.3390

test H@5: 0.4708, N@5: 0.3542, M@5: 0.3156
test H@10: 0.5796, N@10: 0.3894, M@10: 0.3301
test H@20: 0.6739, N@20: 0.4133, M@20: 0.3366

Epoch [180/1000], Train Loss: 39.5792, Elapsed: train 10.70 test 1.86
valid H@5: 0.4733, N@5: 0.3577, M@5: 0.3195
valid H@10: 0.5742, N@10: 0.3905, M@10: 0.3330
valid H@20: 0.6787, N@20: 0.4169, M@20: 0.3403

test H@5: 0.4698, N@5: 0.3536, M@5: 0.3150
test H@10: 0.5775, N@10: 0.3884, M@10: 0.3294
test H@20: 0.6737, N@20: 0.4128, M@20: 0.3361

Epoch [181/1000], Train Loss: 39.6389, Elapsed: train 10.60 test 1.85
valid H@5: 0.4723, N@5: 0.3568, M@5: 0.3185
valid H@10: 0.5752, N@10: 0.3901, M@10: 0.3323
valid H@20: 0.6796, N@20: 0.4165, M@20: 0.3395

test H@5: 0.4689, N@5: 0.3530, M@5: 0.3146
test H@10: 0.5781, N@10: 0.3885, M@10: 0.3293
test H@20: 0.6743, N@20: 0.4128, M@20: 0.3360

Epoch [182/1000], Train Loss: 39.3548, Elapsed: train 10.54 test 1.95 *
valid H@5: 0.4727, N@5: 0.3579, M@5: 0.3199
valid H@10: 0.5800, N@10: 0.3925, M@10: 0.3341
valid H@20: 0.6802, N@20: 0.4178, M@20: 0.3410

test H@5: 0.4692, N@5: 0.3535, M@5: 0.3150
test H@10: 0.5779, N@10: 0.3886, M@10: 0.3296
test H@20: 0.6733, N@20: 0.4128, M@20: 0.3362

Epoch [183/1000], Train Loss: 39.0353, Elapsed: train 10.69 test 2.02
valid H@5: 0.4727, N@5: 0.3579, M@5: 0.3199
valid H@10: 0.5762, N@10: 0.3913, M@10: 0.3337
valid H@20: 0.6792, N@20: 0.4175, M@20: 0.3409

test H@5: 0.4702, N@5: 0.3541, M@5: 0.3156
test H@10: 0.5792, N@10: 0.3893, M@10: 0.3301
test H@20: 0.6739, N@20: 0.4132, M@20: 0.3366

Epoch [184/1000], Train Loss: 39.3402, Elapsed: train 10.83 test 1.93
valid H@5: 0.4733, N@5: 0.3574, M@5: 0.3191
valid H@10: 0.5760, N@10: 0.3906, M@10: 0.3328
valid H@20: 0.6810, N@20: 0.4172, M@20: 0.3401

test H@5: 0.4710, N@5: 0.3554, M@5: 0.3170
test H@10: 0.5771, N@10: 0.3898, M@10: 0.3313
test H@20: 0.6752, N@20: 0.4145, M@20: 0.3381

Epoch [185/1000], Train Loss: 39.5346, Elapsed: train 10.76 test 1.98
valid H@5: 0.4725, N@5: 0.3569, M@5: 0.3185
valid H@10: 0.5769, N@10: 0.3906, M@10: 0.3324
valid H@20: 0.6781, N@20: 0.4162, M@20: 0.3395

test H@5: 0.4721, N@5: 0.3558, M@5: 0.3172
test H@10: 0.5767, N@10: 0.3896, M@10: 0.3311
test H@20: 0.6771, N@20: 0.4149, M@20: 0.3381

Epoch [186/1000], Train Loss: 39.2973, Elapsed: train 10.62 test 1.82
valid H@5: 0.4729, N@5: 0.3571, M@5: 0.3188
valid H@10: 0.5756, N@10: 0.3903, M@10: 0.3325
valid H@20: 0.6775, N@20: 0.4162, M@20: 0.3396

test H@5: 0.4715, N@5: 0.3546, M@5: 0.3158
test H@10: 0.5775, N@10: 0.3888, M@10: 0.3300
test H@20: 0.6750, N@20: 0.4135, M@20: 0.3367

Epoch [187/1000], Train Loss: 39.1322, Elapsed: train 10.65 test 2.05
valid H@5: 0.4731, N@5: 0.3575, M@5: 0.3193
valid H@10: 0.5752, N@10: 0.3906, M@10: 0.3329
valid H@20: 0.6781, N@20: 0.4166, M@20: 0.3401

test H@5: 0.4685, N@5: 0.3543, M@5: 0.3165
test H@10: 0.5752, N@10: 0.3890, M@10: 0.3309
test H@20: 0.6756, N@20: 0.4144, M@20: 0.3379

Epoch [188/1000], Train Loss: 39.1439, Elapsed: train 10.76 test 1.98
valid H@5: 0.4723, N@5: 0.3571, M@5: 0.3190
valid H@10: 0.5746, N@10: 0.3903, M@10: 0.3327
valid H@20: 0.6766, N@20: 0.4161, M@20: 0.3398

test H@5: 0.4689, N@5: 0.3543, M@5: 0.3163
test H@10: 0.5748, N@10: 0.3887, M@10: 0.3307
test H@20: 0.6727, N@20: 0.4136, M@20: 0.3376

Epoch [189/1000], Train Loss: 39.3250, Elapsed: train 10.55 test 1.92
valid H@5: 0.4725, N@5: 0.3568, M@5: 0.3185
valid H@10: 0.5758, N@10: 0.3902, M@10: 0.3323
valid H@20: 0.6769, N@20: 0.4159, M@20: 0.3393

test H@5: 0.4692, N@5: 0.3533, M@5: 0.3149
test H@10: 0.5769, N@10: 0.3882, M@10: 0.3293
test H@20: 0.6722, N@20: 0.4124, M@20: 0.3360

Epoch [190/1000], Train Loss: 39.4877, Elapsed: train 10.56 test 1.77
valid H@5: 0.4727, N@5: 0.3558, M@5: 0.3171
valid H@10: 0.5765, N@10: 0.3894, M@10: 0.3309
valid H@20: 0.6760, N@20: 0.4145, M@20: 0.3378

test H@5: 0.4717, N@5: 0.3540, M@5: 0.3150
test H@10: 0.5760, N@10: 0.3878, M@10: 0.3291
test H@20: 0.6731, N@20: 0.4125, M@20: 0.3359

Epoch [191/1000], Train Loss: 38.9269, Elapsed: train 10.55 test 1.93
valid H@5: 0.4725, N@5: 0.3561, M@5: 0.3175
valid H@10: 0.5765, N@10: 0.3897, M@10: 0.3314
valid H@20: 0.6768, N@20: 0.4151, M@20: 0.3384

test H@5: 0.4731, N@5: 0.3554, M@5: 0.3165
test H@10: 0.5760, N@10: 0.3888, M@10: 0.3304
test H@20: 0.6735, N@20: 0.4136, M@20: 0.3372

Epoch [192/1000], Train Loss: 39.0421, Elapsed: train 10.63 test 1.93
valid H@5: 0.4721, N@5: 0.3556, M@5: 0.3170
valid H@10: 0.5735, N@10: 0.3886, M@10: 0.3307
valid H@20: 0.6771, N@20: 0.4149, M@20: 0.3380

test H@5: 0.4723, N@5: 0.3564, M@5: 0.3180
test H@10: 0.5762, N@10: 0.3901, M@10: 0.3320
test H@20: 0.6747, N@20: 0.4150, M@20: 0.3389

Epoch [193/1000], Train Loss: 39.0719, Elapsed: train 10.74 test 1.94
valid H@5: 0.4710, N@5: 0.3559, M@5: 0.3178
valid H@10: 0.5777, N@10: 0.3905, M@10: 0.3321
valid H@20: 0.6771, N@20: 0.4157, M@20: 0.3391

test H@5: 0.4719, N@5: 0.3559, M@5: 0.3175
test H@10: 0.5741, N@10: 0.3891, M@10: 0.3313
test H@20: 0.6743, N@20: 0.4145, M@20: 0.3383

Epoch [194/1000], Train Loss: 38.8728, Elapsed: train 10.62 test 1.79
valid H@5: 0.4714, N@5: 0.3549, M@5: 0.3162
valid H@10: 0.5764, N@10: 0.3890, M@10: 0.3304
valid H@20: 0.6762, N@20: 0.4143, M@20: 0.3375

test H@5: 0.4729, N@5: 0.3570, M@5: 0.3186
test H@10: 0.5764, N@10: 0.3905, M@10: 0.3325
test H@20: 0.6758, N@20: 0.4156, M@20: 0.3394

Epoch [195/1000], Train Loss: 39.0490, Elapsed: train 10.67 test 1.84
valid H@5: 0.4725, N@5: 0.3553, M@5: 0.3164
valid H@10: 0.5756, N@10: 0.3888, M@10: 0.3304
valid H@20: 0.6769, N@20: 0.4146, M@20: 0.3375

test H@5: 0.4715, N@5: 0.3559, M@5: 0.3176
test H@10: 0.5760, N@10: 0.3898, M@10: 0.3317
test H@20: 0.6756, N@20: 0.4150, M@20: 0.3386

Epoch [196/1000], Train Loss: 38.9300, Elapsed: train 10.73 test 1.86
valid H@5: 0.4727, N@5: 0.3549, M@5: 0.3158
valid H@10: 0.5781, N@10: 0.3891, M@10: 0.3300
valid H@20: 0.6756, N@20: 0.4139, M@20: 0.3368

test H@5: 0.4740, N@5: 0.3570, M@5: 0.3183
test H@10: 0.5748, N@10: 0.3897, M@10: 0.3318
test H@20: 0.6750, N@20: 0.4150, M@20: 0.3388

Epoch [197/1000], Train Loss: 39.0631, Elapsed: train 10.60 test 1.86
valid H@5: 0.4737, N@5: 0.3554, M@5: 0.3162
valid H@10: 0.5769, N@10: 0.3888, M@10: 0.3300
valid H@20: 0.6754, N@20: 0.4139, M@20: 0.3370

test H@5: 0.4725, N@5: 0.3570, M@5: 0.3188
test H@10: 0.5762, N@10: 0.3906, M@10: 0.3327
test H@20: 0.6748, N@20: 0.4156, M@20: 0.3396

Epoch [198/1000], Train Loss: 39.4218, Elapsed: train 10.61 test 1.96
valid H@5: 0.4737, N@5: 0.3556, M@5: 0.3164
valid H@10: 0.5777, N@10: 0.3893, M@10: 0.3304
valid H@20: 0.6773, N@20: 0.4145, M@20: 0.3374

test H@5: 0.4729, N@5: 0.3571, M@5: 0.3188
test H@10: 0.5756, N@10: 0.3904, M@10: 0.3326
test H@20: 0.6766, N@20: 0.4159, M@20: 0.3396

Epoch [199/1000], Train Loss: 39.2256, Elapsed: train 10.81 test 1.88
valid H@5: 0.4735, N@5: 0.3560, M@5: 0.3170
valid H@10: 0.5779, N@10: 0.3899, M@10: 0.3311
valid H@20: 0.6758, N@20: 0.4148, M@20: 0.3381

test H@5: 0.4756, N@5: 0.3575, M@5: 0.3184
test H@10: 0.5779, N@10: 0.3906, M@10: 0.3321
test H@20: 0.6762, N@20: 0.4154, M@20: 0.3389

Epoch [200/1000], Train Loss: 38.4631, Elapsed: train 10.85 test 2.11 *
valid H@5: 0.4742, N@5: 0.3564, M@5: 0.3174
valid H@10: 0.5781, N@10: 0.3901, M@10: 0.3313
valid H@20: 0.6777, N@20: 0.4153, M@20: 0.3383

test H@5: 0.4717, N@5: 0.3560, M@5: 0.3177
test H@10: 0.5769, N@10: 0.3903, M@10: 0.3320
test H@20: 0.6758, N@20: 0.4152, M@20: 0.3388

Epoch [201/1000], Train Loss: 38.4649, Elapsed: train 10.88 test 1.89 *
valid H@5: 0.4750, N@5: 0.3569, M@5: 0.3179
valid H@10: 0.5783, N@10: 0.3904, M@10: 0.3317
valid H@20: 0.6775, N@20: 0.4156, M@20: 0.3387

test H@5: 0.4714, N@5: 0.3552, M@5: 0.3168
test H@10: 0.5773, N@10: 0.3897, M@10: 0.3312
test H@20: 0.6760, N@20: 0.4146, M@20: 0.3379

Epoch [202/1000], Train Loss: 38.5013, Elapsed: train 10.88 test 2.14 *
valid H@5: 0.4773, N@5: 0.3576, M@5: 0.3181
valid H@10: 0.5802, N@10: 0.3909, M@10: 0.3318
valid H@20: 0.6783, N@20: 0.4157, M@20: 0.3387

test H@5: 0.4748, N@5: 0.3569, M@5: 0.3179
test H@10: 0.5773, N@10: 0.3901, M@10: 0.3317
test H@20: 0.6733, N@20: 0.4144, M@20: 0.3383

Epoch [203/1000], Train Loss: 38.3763, Elapsed: train 10.93 test 1.92 *
valid H@5: 0.4760, N@5: 0.3572, M@5: 0.3179
valid H@10: 0.5817, N@10: 0.3913, M@10: 0.3320
valid H@20: 0.6787, N@20: 0.4158, M@20: 0.3387

test H@5: 0.4738, N@5: 0.3570, M@5: 0.3183
test H@10: 0.5767, N@10: 0.3904, M@10: 0.3322
test H@20: 0.6747, N@20: 0.4151, M@20: 0.3389

Epoch [204/1000], Train Loss: 38.3170, Elapsed: train 10.66 test 1.91
valid H@5: 0.4763, N@5: 0.3573, M@5: 0.3180
valid H@10: 0.5785, N@10: 0.3904, M@10: 0.3316
valid H@20: 0.6785, N@20: 0.4157, M@20: 0.3387

test H@5: 0.4733, N@5: 0.3563, M@5: 0.3176
test H@10: 0.5767, N@10: 0.3898, M@10: 0.3315
test H@20: 0.6725, N@20: 0.4141, M@20: 0.3382

Epoch [205/1000], Train Loss: 38.4386, Elapsed: train 10.84 test 2.11
valid H@5: 0.4746, N@5: 0.3567, M@5: 0.3177
valid H@10: 0.5777, N@10: 0.3902, M@10: 0.3317
valid H@20: 0.6775, N@20: 0.4156, M@20: 0.3387

test H@5: 0.4756, N@5: 0.3577, M@5: 0.3187
test H@10: 0.5764, N@10: 0.3904, M@10: 0.3323
test H@20: 0.6739, N@20: 0.4151, M@20: 0.3390

Epoch [206/1000], Train Loss: 38.4269, Elapsed: train 10.73 test 2.02 *
valid H@5: 0.4781, N@5: 0.3589, M@5: 0.3196
valid H@10: 0.5785, N@10: 0.3915, M@10: 0.3330
valid H@20: 0.6789, N@20: 0.4169, M@20: 0.3401

test H@5: 0.4754, N@5: 0.3577, M@5: 0.3188
test H@10: 0.5764, N@10: 0.3904, M@10: 0.3323
test H@20: 0.6737, N@20: 0.4150, M@20: 0.3390

Epoch [207/1000], Train Loss: 38.5629, Elapsed: train 10.60 test 1.80 *
valid H@5: 0.4790, N@5: 0.3583, M@5: 0.3185
valid H@10: 0.5773, N@10: 0.3903, M@10: 0.3318
valid H@20: 0.6802, N@20: 0.4163, M@20: 0.3389

test H@5: 0.4735, N@5: 0.3564, M@5: 0.3177
test H@10: 0.5762, N@10: 0.3897, M@10: 0.3314
test H@20: 0.6708, N@20: 0.4136, M@20: 0.3380

Epoch [208/1000], Train Loss: 38.3283, Elapsed: train 10.62 test 1.92
valid H@5: 0.4765, N@5: 0.3576, M@5: 0.3182
valid H@10: 0.5783, N@10: 0.3906, M@10: 0.3320
valid H@20: 0.6791, N@20: 0.4161, M@20: 0.3390

test H@5: 0.4729, N@5: 0.3559, M@5: 0.3172
test H@10: 0.5767, N@10: 0.3894, M@10: 0.3310
test H@20: 0.6735, N@20: 0.4139, M@20: 0.3377

Epoch [209/1000], Train Loss: 37.9846, Elapsed: train 10.58 test 1.96
valid H@5: 0.4773, N@5: 0.3581, M@5: 0.3187
valid H@10: 0.5788, N@10: 0.3911, M@10: 0.3324
valid H@20: 0.6771, N@20: 0.4160, M@20: 0.3392

test H@5: 0.4727, N@5: 0.3557, M@5: 0.3169
test H@10: 0.5779, N@10: 0.3896, M@10: 0.3309
test H@20: 0.6731, N@20: 0.4137, M@20: 0.3375

Epoch [210/1000], Train Loss: 38.2930, Elapsed: train 10.57 test 1.83
valid H@5: 0.4779, N@5: 0.3587, M@5: 0.3192
valid H@10: 0.5785, N@10: 0.3913, M@10: 0.3328
valid H@20: 0.6794, N@20: 0.4168, M@20: 0.3398

test H@5: 0.4752, N@5: 0.3573, M@5: 0.3183
test H@10: 0.5783, N@10: 0.3905, M@10: 0.3319
test H@20: 0.6737, N@20: 0.4146, M@20: 0.3385

Epoch [211/1000], Train Loss: 38.2889, Elapsed: train 10.60 test 1.89
valid H@5: 0.4777, N@5: 0.3593, M@5: 0.3202
valid H@10: 0.5802, N@10: 0.3926, M@10: 0.3340
valid H@20: 0.6808, N@20: 0.4179, M@20: 0.3409

test H@5: 0.4754, N@5: 0.3580, M@5: 0.3192
test H@10: 0.5783, N@10: 0.3912, M@10: 0.3329
test H@20: 0.6704, N@20: 0.4146, M@20: 0.3393

Epoch [212/1000], Train Loss: 37.8912, Elapsed: train 10.79 test 2.01
valid H@5: 0.4790, N@5: 0.3602, M@5: 0.3210
valid H@10: 0.5788, N@10: 0.3925, M@10: 0.3343
valid H@20: 0.6794, N@20: 0.4180, M@20: 0.3413

test H@5: 0.4737, N@5: 0.3573, M@5: 0.3188
test H@10: 0.5790, N@10: 0.3914, M@10: 0.3329
test H@20: 0.6683, N@20: 0.4141, M@20: 0.3392

Epoch [213/1000], Train Loss: 38.2570, Elapsed: train 10.86 test 1.93 *
valid H@5: 0.4794, N@5: 0.3603, M@5: 0.3209
valid H@10: 0.5787, N@10: 0.3924, M@10: 0.3342
valid H@20: 0.6796, N@20: 0.4179, M@20: 0.3412

test H@5: 0.4756, N@5: 0.3581, M@5: 0.3193
test H@10: 0.5796, N@10: 0.3918, M@10: 0.3332
test H@20: 0.6691, N@20: 0.4144, M@20: 0.3394

Epoch [214/1000], Train Loss: 38.1553, Elapsed: train 10.63 test 2.00
valid H@5: 0.4773, N@5: 0.3595, M@5: 0.3205
valid H@10: 0.5783, N@10: 0.3923, M@10: 0.3341
valid H@20: 0.6817, N@20: 0.4184, M@20: 0.3413

test H@5: 0.4746, N@5: 0.3579, M@5: 0.3193
test H@10: 0.5794, N@10: 0.3918, M@10: 0.3333
test H@20: 0.6714, N@20: 0.4150, M@20: 0.3397

Epoch [215/1000], Train Loss: 37.6853, Elapsed: train 10.70 test 1.95
valid H@5: 0.4754, N@5: 0.3583, M@5: 0.3195
valid H@10: 0.5783, N@10: 0.3917, M@10: 0.3334
valid H@20: 0.6800, N@20: 0.4175, M@20: 0.3405

test H@5: 0.4763, N@5: 0.3588, M@5: 0.3199
test H@10: 0.5790, N@10: 0.3920, M@10: 0.3336
test H@20: 0.6697, N@20: 0.4149, M@20: 0.3399

Epoch [216/1000], Train Loss: 38.3077, Elapsed: train 10.64 test 1.94
valid H@5: 0.4754, N@5: 0.3590, M@5: 0.3204
valid H@10: 0.5802, N@10: 0.3929, M@10: 0.3345
valid H@20: 0.6815, N@20: 0.4186, M@20: 0.3415

test H@5: 0.4756, N@5: 0.3588, M@5: 0.3202
test H@10: 0.5781, N@10: 0.3920, M@10: 0.3339
test H@20: 0.6704, N@20: 0.4153, M@20: 0.3403

Epoch [217/1000], Train Loss: 38.0914, Elapsed: train 10.52 test 1.91 *
valid H@5: 0.4742, N@5: 0.3577, M@5: 0.3191
valid H@10: 0.5788, N@10: 0.3917, M@10: 0.3332
valid H@20: 0.6821, N@20: 0.4178, M@20: 0.3404

test H@5: 0.4752, N@5: 0.3585, M@5: 0.3199
test H@10: 0.5787, N@10: 0.3920, M@10: 0.3337
test H@20: 0.6718, N@20: 0.4155, M@20: 0.3402

Epoch [218/1000], Train Loss: 38.0697, Elapsed: train 10.71 test 1.83
valid H@5: 0.4738, N@5: 0.3582, M@5: 0.3198
valid H@10: 0.5794, N@10: 0.3925, M@10: 0.3341
valid H@20: 0.6814, N@20: 0.4183, M@20: 0.3412

test H@5: 0.4763, N@5: 0.3590, M@5: 0.3202
test H@10: 0.5785, N@10: 0.3921, M@10: 0.3338
test H@20: 0.6720, N@20: 0.4157, M@20: 0.3404

Epoch [219/1000], Train Loss: 37.8371, Elapsed: train 10.83 test 1.86
valid H@5: 0.4740, N@5: 0.3583, M@5: 0.3200
valid H@10: 0.5804, N@10: 0.3928, M@10: 0.3342
valid H@20: 0.6815, N@20: 0.4184, M@20: 0.3412

test H@5: 0.4756, N@5: 0.3587, M@5: 0.3200
test H@10: 0.5783, N@10: 0.3919, M@10: 0.3337
test H@20: 0.6701, N@20: 0.4152, M@20: 0.3401

Epoch [220/1000], Train Loss: 37.8683, Elapsed: train 10.63 test 1.91 *
valid H@5: 0.4733, N@5: 0.3583, M@5: 0.3202
valid H@10: 0.5819, N@10: 0.3935, M@10: 0.3347
valid H@20: 0.6808, N@20: 0.4184, M@20: 0.3415

test H@5: 0.4756, N@5: 0.3584, M@5: 0.3196
test H@10: 0.5771, N@10: 0.3912, M@10: 0.3332
test H@20: 0.6702, N@20: 0.4148, M@20: 0.3397

Epoch [221/1000], Train Loss: 38.1902, Elapsed: train 10.72 test 1.86
valid H@5: 0.4737, N@5: 0.3590, M@5: 0.3210
valid H@10: 0.5790, N@10: 0.3932, M@10: 0.3352
valid H@20: 0.6806, N@20: 0.4189, M@20: 0.3423

test H@5: 0.4756, N@5: 0.3587, M@5: 0.3200
test H@10: 0.5781, N@10: 0.3918, M@10: 0.3337
test H@20: 0.6699, N@20: 0.4151, M@20: 0.3401

Epoch [222/1000], Train Loss: 38.2836, Elapsed: train 10.83 test 1.96
valid H@5: 0.4754, N@5: 0.3590, M@5: 0.3205
valid H@10: 0.5790, N@10: 0.3925, M@10: 0.3343
valid H@20: 0.6802, N@20: 0.4182, M@20: 0.3414

test H@5: 0.4761, N@5: 0.3584, M@5: 0.3194
test H@10: 0.5762, N@10: 0.3908, M@10: 0.3328
test H@20: 0.6706, N@20: 0.4148, M@20: 0.3395

Epoch [223/1000], Train Loss: 38.0380, Elapsed: train 10.87 test 1.98
valid H@5: 0.4733, N@5: 0.3579, M@5: 0.3196
valid H@10: 0.5781, N@10: 0.3919, M@10: 0.3337
valid H@20: 0.6806, N@20: 0.4179, M@20: 0.3409

test H@5: 0.4738, N@5: 0.3573, M@5: 0.3187
test H@10: 0.5777, N@10: 0.3910, M@10: 0.3326
test H@20: 0.6701, N@20: 0.4144, M@20: 0.3391

Epoch [224/1000], Train Loss: 38.1472, Elapsed: train 10.58 test 1.92
valid H@5: 0.4729, N@5: 0.3582, M@5: 0.3201
valid H@10: 0.5781, N@10: 0.3923, M@10: 0.3343
valid H@20: 0.6794, N@20: 0.4181, M@20: 0.3414

test H@5: 0.4746, N@5: 0.3578, M@5: 0.3191
test H@10: 0.5802, N@10: 0.3919, M@10: 0.3332
test H@20: 0.6704, N@20: 0.4147, M@20: 0.3394

Epoch [225/1000], Train Loss: 37.6889, Elapsed: train 10.62 test 1.91
valid H@5: 0.4733, N@5: 0.3578, M@5: 0.3196
valid H@10: 0.5802, N@10: 0.3924, M@10: 0.3339
valid H@20: 0.6794, N@20: 0.4176, M@20: 0.3409

test H@5: 0.4769, N@5: 0.3578, M@5: 0.3185
test H@10: 0.5800, N@10: 0.3912, M@10: 0.3323
test H@20: 0.6716, N@20: 0.4143, M@20: 0.3386

Epoch [226/1000], Train Loss: 38.1880, Elapsed: train 10.81 test 1.79
valid H@5: 0.4729, N@5: 0.3578, M@5: 0.3197
valid H@10: 0.5788, N@10: 0.3922, M@10: 0.3339
valid H@20: 0.6802, N@20: 0.4179, M@20: 0.3410

test H@5: 0.4771, N@5: 0.3577, M@5: 0.3182
test H@10: 0.5802, N@10: 0.3910, M@10: 0.3319
test H@20: 0.6708, N@20: 0.4139, M@20: 0.3382

Epoch [227/1000], Train Loss: 38.1493, Elapsed: train 10.78 test 1.78
valid H@5: 0.4738, N@5: 0.3583, M@5: 0.3201
valid H@10: 0.5796, N@10: 0.3926, M@10: 0.3342
valid H@20: 0.6810, N@20: 0.4183, M@20: 0.3413

test H@5: 0.4760, N@5: 0.3569, M@5: 0.3176
test H@10: 0.5810, N@10: 0.3909, M@10: 0.3316
test H@20: 0.6727, N@20: 0.4141, M@20: 0.3380

Epoch [228/1000], Train Loss: 37.9958, Elapsed: train 11.00 test 1.91 *
valid H@5: 0.4752, N@5: 0.3592, M@5: 0.3208
valid H@10: 0.5800, N@10: 0.3931, M@10: 0.3348
valid H@20: 0.6831, N@20: 0.4192, M@20: 0.3420

test H@5: 0.4767, N@5: 0.3581, M@5: 0.3188
test H@10: 0.5800, N@10: 0.3915, M@10: 0.3326
test H@20: 0.6729, N@20: 0.4149, M@20: 0.3391

Epoch [229/1000], Train Loss: 37.1772, Elapsed: train 10.79 test 2.02
valid H@5: 0.4746, N@5: 0.3587, M@5: 0.3204
valid H@10: 0.5800, N@10: 0.3930, M@10: 0.3346
valid H@20: 0.6821, N@20: 0.4188, M@20: 0.3417

test H@5: 0.4773, N@5: 0.3587, M@5: 0.3195
test H@10: 0.5788, N@10: 0.3916, M@10: 0.3331
test H@20: 0.6729, N@20: 0.4154, M@20: 0.3397

Epoch [230/1000], Train Loss: 37.8725, Elapsed: train 10.67 test 1.98
valid H@5: 0.4756, N@5: 0.3587, M@5: 0.3200
valid H@10: 0.5813, N@10: 0.3929, M@10: 0.3341
valid H@20: 0.6814, N@20: 0.4182, M@20: 0.3411

test H@5: 0.4763, N@5: 0.3588, M@5: 0.3200
test H@10: 0.5800, N@10: 0.3923, M@10: 0.3338
test H@20: 0.6735, N@20: 0.4160, M@20: 0.3403

Epoch [231/1000], Train Loss: 37.7281, Elapsed: train 10.75 test 1.89
valid H@5: 0.4760, N@5: 0.3590, M@5: 0.3202
valid H@10: 0.5798, N@10: 0.3926, M@10: 0.3341
valid H@20: 0.6819, N@20: 0.4184, M@20: 0.3412

test H@5: 0.4763, N@5: 0.3586, M@5: 0.3196
test H@10: 0.5800, N@10: 0.3920, M@10: 0.3334
test H@20: 0.6731, N@20: 0.4156, M@20: 0.3399

Epoch [232/1000], Train Loss: 37.8029, Elapsed: train 10.57 test 1.87
valid H@5: 0.4763, N@5: 0.3595, M@5: 0.3208
valid H@10: 0.5806, N@10: 0.3932, M@10: 0.3347
valid H@20: 0.6825, N@20: 0.4189, M@20: 0.3417

test H@5: 0.4758, N@5: 0.3587, M@5: 0.3200
test H@10: 0.5806, N@10: 0.3926, M@10: 0.3340
test H@20: 0.6716, N@20: 0.4156, M@20: 0.3403

Epoch [233/1000], Train Loss: 37.8898, Elapsed: train 10.70 test 2.02
valid H@5: 0.4773, N@5: 0.3594, M@5: 0.3203
valid H@10: 0.5815, N@10: 0.3930, M@10: 0.3342
valid H@20: 0.6806, N@20: 0.4180, M@20: 0.3410

test H@5: 0.4775, N@5: 0.3600, M@5: 0.3212
test H@10: 0.5792, N@10: 0.3930, M@10: 0.3348
test H@20: 0.6737, N@20: 0.4169, M@20: 0.3414

Epoch [234/1000], Train Loss: 37.6399, Elapsed: train 10.68 test 1.90
valid H@5: 0.4792, N@5: 0.3604, M@5: 0.3211
valid H@10: 0.5790, N@10: 0.3927, M@10: 0.3344
valid H@20: 0.6792, N@20: 0.4181, M@20: 0.3415

test H@5: 0.4779, N@5: 0.3599, M@5: 0.3209
test H@10: 0.5798, N@10: 0.3929, M@10: 0.3345
test H@20: 0.6748, N@20: 0.4169, M@20: 0.3411

Epoch [235/1000], Train Loss: 37.1901, Elapsed: train 10.96 test 1.94
valid H@5: 0.4792, N@5: 0.3601, M@5: 0.3208
valid H@10: 0.5808, N@10: 0.3930, M@10: 0.3344
valid H@20: 0.6796, N@20: 0.4180, M@20: 0.3413

test H@5: 0.4786, N@5: 0.3593, M@5: 0.3198
test H@10: 0.5796, N@10: 0.3918, M@10: 0.3331
test H@20: 0.6747, N@20: 0.4158, M@20: 0.3397

Epoch [236/1000], Train Loss: 37.5912, Elapsed: train 11.00 test 1.91 *
valid H@5: 0.4798, N@5: 0.3601, M@5: 0.3205
valid H@10: 0.5831, N@10: 0.3935, M@10: 0.3343
valid H@20: 0.6792, N@20: 0.4178, M@20: 0.3410

test H@5: 0.4773, N@5: 0.3595, M@5: 0.3205
test H@10: 0.5788, N@10: 0.3922, M@10: 0.3339
test H@20: 0.6724, N@20: 0.4159, M@20: 0.3405

Epoch [237/1000], Train Loss: 37.8965, Elapsed: train 10.70 test 1.98
valid H@5: 0.4783, N@5: 0.3594, M@5: 0.3201
valid H@10: 0.5790, N@10: 0.3921, M@10: 0.3336
valid H@20: 0.6775, N@20: 0.4171, M@20: 0.3406

test H@5: 0.4771, N@5: 0.3595, M@5: 0.3206
test H@10: 0.5800, N@10: 0.3927, M@10: 0.3343
test H@20: 0.6720, N@20: 0.4161, M@20: 0.3407

Epoch [238/1000], Train Loss: 37.1517, Elapsed: train 10.61 test 1.78
valid H@5: 0.4792, N@5: 0.3606, M@5: 0.3214
valid H@10: 0.5790, N@10: 0.3931, M@10: 0.3349
valid H@20: 0.6781, N@20: 0.4183, M@20: 0.3419

test H@5: 0.4784, N@5: 0.3601, M@5: 0.3210
test H@10: 0.5800, N@10: 0.3929, M@10: 0.3345
test H@20: 0.6735, N@20: 0.4166, M@20: 0.3410

Epoch [239/1000], Train Loss: 37.4665, Elapsed: train 10.52 test 1.93
valid H@5: 0.4798, N@5: 0.3607, M@5: 0.3213
valid H@10: 0.5821, N@10: 0.3939, M@10: 0.3351
valid H@20: 0.6791, N@20: 0.4185, M@20: 0.3419

test H@5: 0.4783, N@5: 0.3604, M@5: 0.3215
test H@10: 0.5794, N@10: 0.3932, M@10: 0.3350
test H@20: 0.6748, N@20: 0.4173, M@20: 0.3416

Epoch [240/1000], Train Loss: 36.8765, Elapsed: train 10.78 test 1.96
valid H@5: 0.4771, N@5: 0.3594, M@5: 0.3204
valid H@10: 0.5811, N@10: 0.3932, M@10: 0.3345
valid H@20: 0.6802, N@20: 0.4184, M@20: 0.3415

test H@5: 0.4802, N@5: 0.3610, M@5: 0.3216
test H@10: 0.5806, N@10: 0.3935, M@10: 0.3350
test H@20: 0.6758, N@20: 0.4175, M@20: 0.3416

Epoch [241/1000], Train Loss: 37.3842, Elapsed: train 10.64 test 1.95
valid H@5: 0.4769, N@5: 0.3594, M@5: 0.3205
valid H@10: 0.5808, N@10: 0.3932, M@10: 0.3345
valid H@20: 0.6806, N@20: 0.4184, M@20: 0.3415

test H@5: 0.4796, N@5: 0.3615, M@5: 0.3224
test H@10: 0.5796, N@10: 0.3938, M@10: 0.3357
test H@20: 0.6758, N@20: 0.4181, M@20: 0.3424

Epoch [242/1000], Train Loss: 37.5734, Elapsed: train 10.74 test 1.81
valid H@5: 0.4769, N@5: 0.3593, M@5: 0.3203
valid H@10: 0.5808, N@10: 0.3929, M@10: 0.3343
valid H@20: 0.6796, N@20: 0.4180, M@20: 0.3412

test H@5: 0.4784, N@5: 0.3616, M@5: 0.3230
test H@10: 0.5788, N@10: 0.3941, M@10: 0.3364
test H@20: 0.6754, N@20: 0.4186, M@20: 0.3431

Epoch [243/1000], Train Loss: 37.3089, Elapsed: train 10.62 test 1.87
valid H@5: 0.4746, N@5: 0.3585, M@5: 0.3199
valid H@10: 0.5802, N@10: 0.3927, M@10: 0.3342
valid H@20: 0.6800, N@20: 0.4180, M@20: 0.3412

test H@5: 0.4767, N@5: 0.3604, M@5: 0.3219
test H@10: 0.5796, N@10: 0.3937, M@10: 0.3357
test H@20: 0.6747, N@20: 0.4177, M@20: 0.3423

Epoch [244/1000], Train Loss: 37.0209, Elapsed: train 10.77 test 1.95
valid H@5: 0.4752, N@5: 0.3596, M@5: 0.3213
valid H@10: 0.5813, N@10: 0.3940, M@10: 0.3356
valid H@20: 0.6800, N@20: 0.4190, M@20: 0.3425

test H@5: 0.4769, N@5: 0.3600, M@5: 0.3213
test H@10: 0.5788, N@10: 0.3930, M@10: 0.3349
test H@20: 0.6729, N@20: 0.4167, M@20: 0.3414

Epoch [245/1000], Train Loss: 37.8263, Elapsed: train 10.55 test 1.85 *
valid H@5: 0.4752, N@5: 0.3597, M@5: 0.3215
valid H@10: 0.5838, N@10: 0.3948, M@10: 0.3360
valid H@20: 0.6789, N@20: 0.4189, M@20: 0.3426

test H@5: 0.4779, N@5: 0.3605, M@5: 0.3217
test H@10: 0.5790, N@10: 0.3932, M@10: 0.3352
test H@20: 0.6733, N@20: 0.4170, M@20: 0.3417

Epoch [246/1000], Train Loss: 37.3560, Elapsed: train 10.55 test 1.97
valid H@5: 0.4765, N@5: 0.3607, M@5: 0.3223
valid H@10: 0.5833, N@10: 0.3952, M@10: 0.3366
valid H@20: 0.6787, N@20: 0.4194, M@20: 0.3432

test H@5: 0.4773, N@5: 0.3598, M@5: 0.3209
test H@10: 0.5794, N@10: 0.3928, M@10: 0.3345
test H@20: 0.6745, N@20: 0.4167, M@20: 0.3410

Epoch [247/1000], Train Loss: 37.1811, Elapsed: train 10.72 test 1.92 *
valid H@5: 0.4754, N@5: 0.3601, M@5: 0.3219
valid H@10: 0.5842, N@10: 0.3954, M@10: 0.3366
valid H@20: 0.6792, N@20: 0.4195, M@20: 0.3432

test H@5: 0.4783, N@5: 0.3596, M@5: 0.3203
test H@10: 0.5800, N@10: 0.3924, M@10: 0.3338
test H@20: 0.6735, N@20: 0.4160, M@20: 0.3403

Epoch [248/1000], Train Loss: 37.1992, Elapsed: train 10.60 test 1.87
valid H@5: 0.4746, N@5: 0.3592, M@5: 0.3209
valid H@10: 0.5840, N@10: 0.3947, M@10: 0.3356
valid H@20: 0.6781, N@20: 0.4185, M@20: 0.3422

test H@5: 0.4794, N@5: 0.3604, M@5: 0.3211
test H@10: 0.5815, N@10: 0.3934, M@10: 0.3346
test H@20: 0.6739, N@20: 0.4166, M@20: 0.3409

Epoch [249/1000], Train Loss: 37.3948, Elapsed: train 10.69 test 1.96 *
valid H@5: 0.4733, N@5: 0.3588, M@5: 0.3209
valid H@10: 0.5844, N@10: 0.3950, M@10: 0.3360
valid H@20: 0.6773, N@20: 0.4185, M@20: 0.3425

test H@5: 0.4800, N@5: 0.3611, M@5: 0.3218
test H@10: 0.5806, N@10: 0.3937, M@10: 0.3352
test H@20: 0.6750, N@20: 0.4174, M@20: 0.3417

Epoch [250/1000], Train Loss: 37.9409, Elapsed: train 10.93 test 2.08
valid H@5: 0.4738, N@5: 0.3585, M@5: 0.3202
valid H@10: 0.5831, N@10: 0.3940, M@10: 0.3350
valid H@20: 0.6781, N@20: 0.4181, M@20: 0.3416

test H@5: 0.4798, N@5: 0.3610, M@5: 0.3217
test H@10: 0.5798, N@10: 0.3934, M@10: 0.3351
test H@20: 0.6756, N@20: 0.4176, M@20: 0.3417

Epoch [251/1000], Train Loss: 37.4683, Elapsed: train 10.90 test 1.89
valid H@5: 0.4731, N@5: 0.3592, M@5: 0.3214
valid H@10: 0.5833, N@10: 0.3950, M@10: 0.3363
valid H@20: 0.6781, N@20: 0.4190, M@20: 0.3429

test H@5: 0.4807, N@5: 0.3617, M@5: 0.3224
test H@10: 0.5790, N@10: 0.3936, M@10: 0.3355
test H@20: 0.6745, N@20: 0.4176, M@20: 0.3421

Epoch [252/1000], Train Loss: 37.3935, Elapsed: train 10.75 test 1.95
valid H@5: 0.4738, N@5: 0.3601, M@5: 0.3224
valid H@10: 0.5838, N@10: 0.3959, M@10: 0.3373
valid H@20: 0.6771, N@20: 0.4195, M@20: 0.3439

test H@5: 0.4788, N@5: 0.3609, M@5: 0.3218
test H@10: 0.5800, N@10: 0.3938, M@10: 0.3355
test H@20: 0.6745, N@20: 0.4176, M@20: 0.3420

Epoch [253/1000], Train Loss: 37.4922, Elapsed: train 10.79 test 1.96 *
valid H@5: 0.4729, N@5: 0.3591, M@5: 0.3214
valid H@10: 0.5854, N@10: 0.3957, M@10: 0.3366
valid H@20: 0.6787, N@20: 0.4192, M@20: 0.3430

test H@5: 0.4777, N@5: 0.3601, M@5: 0.3212
test H@10: 0.5796, N@10: 0.3933, M@10: 0.3350
test H@20: 0.6741, N@20: 0.4171, M@20: 0.3415

Epoch [254/1000], Train Loss: 36.9484, Elapsed: train 10.72 test 2.12
valid H@5: 0.4758, N@5: 0.3601, M@5: 0.3217
valid H@10: 0.5840, N@10: 0.3952, M@10: 0.3363
valid H@20: 0.6779, N@20: 0.4189, M@20: 0.3428

test H@5: 0.4775, N@5: 0.3596, M@5: 0.3205
test H@10: 0.5808, N@10: 0.3930, M@10: 0.3344
test H@20: 0.6762, N@20: 0.4170, M@20: 0.3409

Epoch [255/1000], Train Loss: 37.5916, Elapsed: train 10.65 test 1.93
valid H@5: 0.4746, N@5: 0.3598, M@5: 0.3218
valid H@10: 0.5823, N@10: 0.3948, M@10: 0.3363
valid H@20: 0.6783, N@20: 0.4191, M@20: 0.3430

test H@5: 0.4784, N@5: 0.3612, M@5: 0.3225
test H@10: 0.5804, N@10: 0.3943, M@10: 0.3362
test H@20: 0.6747, N@20: 0.4180, M@20: 0.3426

Epoch [256/1000], Train Loss: 37.1425, Elapsed: train 10.65 test 2.07
valid H@5: 0.4737, N@5: 0.3596, M@5: 0.3218
valid H@10: 0.5819, N@10: 0.3948, M@10: 0.3364
valid H@20: 0.6808, N@20: 0.4198, M@20: 0.3433

test H@5: 0.4800, N@5: 0.3616, M@5: 0.3224
test H@10: 0.5796, N@10: 0.3938, M@10: 0.3357
test H@20: 0.6741, N@20: 0.4176, M@20: 0.3422

Epoch [257/1000], Train Loss: 36.6658, Elapsed: train 10.60 test 1.89
valid H@5: 0.4744, N@5: 0.3588, M@5: 0.3205
valid H@10: 0.5827, N@10: 0.3940, M@10: 0.3352
valid H@20: 0.6796, N@20: 0.4186, M@20: 0.3419

test H@5: 0.4779, N@5: 0.3596, M@5: 0.3205
test H@10: 0.5769, N@10: 0.3917, M@10: 0.3338
test H@20: 0.6754, N@20: 0.4166, M@20: 0.3406

Epoch [258/1000], Train Loss: 37.2957, Elapsed: train 10.75 test 1.86
valid H@5: 0.4763, N@5: 0.3603, M@5: 0.3218
valid H@10: 0.5834, N@10: 0.3950, M@10: 0.3362
valid H@20: 0.6794, N@20: 0.4193, M@20: 0.3429

test H@5: 0.4813, N@5: 0.3605, M@5: 0.3205
test H@10: 0.5783, N@10: 0.3917, M@10: 0.3333
test H@20: 0.6756, N@20: 0.4162, M@20: 0.3400

Epoch [259/1000], Train Loss: 37.4680, Elapsed: train 10.99 test 1.84
valid H@5: 0.4771, N@5: 0.3600, M@5: 0.3212
valid H@10: 0.5815, N@10: 0.3939, M@10: 0.3353
valid H@20: 0.6812, N@20: 0.4191, M@20: 0.3422

test H@5: 0.4790, N@5: 0.3601, M@5: 0.3208
test H@10: 0.5777, N@10: 0.3920, M@10: 0.3339
test H@20: 0.6741, N@20: 0.4163, M@20: 0.3406

Epoch [260/1000], Train Loss: 37.4906, Elapsed: train 10.73 test 1.87
valid H@5: 0.4761, N@5: 0.3601, M@5: 0.3216
valid H@10: 0.5813, N@10: 0.3943, M@10: 0.3359
valid H@20: 0.6806, N@20: 0.4194, M@20: 0.3428

test H@5: 0.4823, N@5: 0.3616, M@5: 0.3217
test H@10: 0.5787, N@10: 0.3926, M@10: 0.3344
test H@20: 0.6725, N@20: 0.4163, M@20: 0.3409

Epoch [261/1000], Train Loss: 37.0235, Elapsed: train 10.97 test 1.96
valid H@5: 0.4760, N@5: 0.3596, M@5: 0.3211
valid H@10: 0.5815, N@10: 0.3939, M@10: 0.3353
valid H@20: 0.6792, N@20: 0.4186, M@20: 0.3421

test H@5: 0.4827, N@5: 0.3608, M@5: 0.3205
test H@10: 0.5794, N@10: 0.3919, M@10: 0.3332
test H@20: 0.6743, N@20: 0.4158, M@20: 0.3397

Epoch [262/1000], Train Loss: 37.0062, Elapsed: train 10.84 test 1.90
valid H@5: 0.4752, N@5: 0.3591, M@5: 0.3206
valid H@10: 0.5827, N@10: 0.3939, M@10: 0.3350
valid H@20: 0.6798, N@20: 0.4184, M@20: 0.3417

test H@5: 0.4836, N@5: 0.3617, M@5: 0.3214
test H@10: 0.5769, N@10: 0.3917, M@10: 0.3337
test H@20: 0.6727, N@20: 0.4160, M@20: 0.3404

Epoch [263/1000], Train Loss: 36.6778, Elapsed: train 10.58 test 1.95
valid H@5: 0.4779, N@5: 0.3607, M@5: 0.3218
valid H@10: 0.5808, N@10: 0.3941, M@10: 0.3357
valid H@20: 0.6785, N@20: 0.4189, M@20: 0.3425

test H@5: 0.4811, N@5: 0.3606, M@5: 0.3208
test H@10: 0.5790, N@10: 0.3922, M@10: 0.3338
test H@20: 0.6748, N@20: 0.4164, M@20: 0.3404

Epoch [264/1000], Train Loss: 36.9346, Elapsed: train 10.80 test 1.96
valid H@5: 0.4792, N@5: 0.3611, M@5: 0.3220
valid H@10: 0.5792, N@10: 0.3936, M@10: 0.3354
valid H@20: 0.6773, N@20: 0.4185, M@20: 0.3423

test H@5: 0.4809, N@5: 0.3610, M@5: 0.3213
test H@10: 0.5790, N@10: 0.3926, M@10: 0.3344
test H@20: 0.6737, N@20: 0.4166, M@20: 0.3409

Epoch [265/1000], Train Loss: 37.0177, Elapsed: train 10.75 test 1.92
valid H@5: 0.4786, N@5: 0.3617, M@5: 0.3230
valid H@10: 0.5810, N@10: 0.3949, M@10: 0.3367
valid H@20: 0.6783, N@20: 0.4195, M@20: 0.3435

test H@5: 0.4796, N@5: 0.3597, M@5: 0.3201
test H@10: 0.5794, N@10: 0.3920, M@10: 0.3333
test H@20: 0.6735, N@20: 0.4157, M@20: 0.3399

Epoch [266/1000], Train Loss: 36.8880, Elapsed: train 10.84 test 1.85
valid H@5: 0.4771, N@5: 0.3611, M@5: 0.3227
valid H@10: 0.5808, N@10: 0.3948, M@10: 0.3367
valid H@20: 0.6773, N@20: 0.4193, M@20: 0.3435

test H@5: 0.4756, N@5: 0.3581, M@5: 0.3191
test H@10: 0.5804, N@10: 0.3919, M@10: 0.3331
test H@20: 0.6733, N@20: 0.4154, M@20: 0.3395

Epoch [267/1000], Train Loss: 36.9140, Elapsed: train 10.73 test 1.89
valid H@5: 0.4767, N@5: 0.3605, M@5: 0.3221
valid H@10: 0.5811, N@10: 0.3944, M@10: 0.3361
valid H@20: 0.6779, N@20: 0.4190, M@20: 0.3429

test H@5: 0.4781, N@5: 0.3593, M@5: 0.3199
test H@10: 0.5779, N@10: 0.3916, M@10: 0.3333
test H@20: 0.6739, N@20: 0.4159, M@20: 0.3400

Epoch [268/1000], Train Loss: 36.9052, Elapsed: train 10.71 test 1.94
valid H@5: 0.4771, N@5: 0.3600, M@5: 0.3212
valid H@10: 0.5811, N@10: 0.3937, M@10: 0.3352
valid H@20: 0.6769, N@20: 0.4180, M@20: 0.3419

test H@5: 0.4769, N@5: 0.3591, M@5: 0.3201
test H@10: 0.5800, N@10: 0.3924, M@10: 0.3338
test H@20: 0.6743, N@20: 0.4162, M@20: 0.3403

Epoch [269/1000], Train Loss: 36.7203, Elapsed: train 10.68 test 1.96
valid H@5: 0.4765, N@5: 0.3605, M@5: 0.3220
valid H@10: 0.5802, N@10: 0.3941, M@10: 0.3360
valid H@20: 0.6768, N@20: 0.4187, M@20: 0.3428

test H@5: 0.4783, N@5: 0.3601, M@5: 0.3210
test H@10: 0.5788, N@10: 0.3926, M@10: 0.3344
test H@20: 0.6735, N@20: 0.4165, M@20: 0.3409

Epoch [270/1000], Train Loss: 37.2211, Elapsed: train 10.67 test 1.85
valid H@5: 0.4779, N@5: 0.3599, M@5: 0.3209
valid H@10: 0.5817, N@10: 0.3936, M@10: 0.3348
valid H@20: 0.6781, N@20: 0.4180, M@20: 0.3416

test H@5: 0.4781, N@5: 0.3595, M@5: 0.3203
test H@10: 0.5777, N@10: 0.3918, M@10: 0.3337
test H@20: 0.6737, N@20: 0.4161, M@20: 0.3404

Epoch [271/1000], Train Loss: 36.5827, Elapsed: train 10.67 test 1.92
valid H@5: 0.4781, N@5: 0.3596, M@5: 0.3205
valid H@10: 0.5796, N@10: 0.3926, M@10: 0.3341
valid H@20: 0.6792, N@20: 0.4179, M@20: 0.3411

test H@5: 0.4763, N@5: 0.3594, M@5: 0.3206
test H@10: 0.5779, N@10: 0.3924, M@10: 0.3344
test H@20: 0.6710, N@20: 0.4160, M@20: 0.3409

Epoch [272/1000], Train Loss: 36.5041, Elapsed: train 10.60 test 1.92
valid H@5: 0.4784, N@5: 0.3603, M@5: 0.3212
valid H@10: 0.5796, N@10: 0.3931, M@10: 0.3348
valid H@20: 0.6781, N@20: 0.4182, M@20: 0.3418

test H@5: 0.4775, N@5: 0.3596, M@5: 0.3205
test H@10: 0.5773, N@10: 0.3920, M@10: 0.3340
test H@20: 0.6731, N@20: 0.4162, M@20: 0.3406

Epoch [273/1000], Train Loss: 37.0089, Elapsed: train 10.73 test 2.01
valid H@5: 0.4779, N@5: 0.3597, M@5: 0.3205
valid H@10: 0.5810, N@10: 0.3930, M@10: 0.3343
valid H@20: 0.6775, N@20: 0.4176, M@20: 0.3411

test H@5: 0.4769, N@5: 0.3589, M@5: 0.3198
test H@10: 0.5775, N@10: 0.3915, M@10: 0.3333
test H@20: 0.6720, N@20: 0.4154, M@20: 0.3398

BEST EPOCH:: 253
valid
{'H05': 0.4798, 'M05': 0.3205, 'N05': 0.3601, 'H10': 0.5854, 'M10': 0.3366, 'N10': 0.3957, 'H20': 0.6831, 'M20': 0.342, 'N20': 0.4192}
test
{'H05': 0.4773, 'M05': 0.3205, 'N05': 0.3595, 'H10': 0.5796, 'M10': 0.335, 'N10': 0.3933, 'H20': 0.6729, 'M20': 0.3391, 'N20': 0.4149}
